[2026-04-10 19:30:28.746 -07:00] [INF] [4] Emby.Server.Implementations.AppBase.BaseConfigurationManager: Setting cache path: "/config/cache"
[2026-04-10 19:30:28.937 -07:00] [INF] [4] Jellyfin.Server.ServerSetupApp.SetupServer: Kestrel is listening on "all interfaces"
[2026-04-10 19:30:28.960 -07:00] [INF] [4] Main: Jellyfin version: "10.11.8"
[2026-04-10 19:30:28.963 -07:00] [INF] [4] Main: Environment Variables: ["[JELLYFIN_PublishedServerUrl, http://localhost:8096]", "[JELLYFIN_CACHE_DIR, /config/cache]", "[JELLYFIN_BASE_URL, http://localhost:8096]", "[JELLYFIN_WEB_DIR, /usr/share/jellyfin/web]", "[JELLYFIN_LOG_DIR, /config/log]", "[JELLYFIN_CONFIG_DIR, /config]", "[JELLYFIN_DATA_DIR, /config/data]"]
[2026-04-10 19:30:28.964 -07:00] [INF] [4] Main: Arguments: ["/usr/lib/jellyfin/bin/jellyfin.dll", "--ffmpeg=/usr/lib/jellyfin-ffmpeg/ffmpeg"]
[2026-04-10 19:30:28.964 -07:00] [INF] [4] Main: Operating system: "Ubuntu 24.04.4 LTS"
[2026-04-10 19:30:28.965 -07:00] [INF] [4] Main: Architecture: X64
[2026-04-10 19:30:28.965 -07:00] [INF] [4] Main: 64-Bit Process: True
[2026-04-10 19:30:28.965 -07:00] [INF] [4] Main: User Interactive: True
[2026-04-10 19:30:28.965 -07:00] [INF] [4] Main: Processor count: 16
[2026-04-10 19:30:28.965 -07:00] [INF] [4] Main: Program data path: "/config/data"
[2026-04-10 19:30:28.965 -07:00] [INF] [4] Main: Log directory path: "/config/log"
[2026-04-10 19:30:28.965 -07:00] [INF] [4] Main: Config directory path: "/config"
[2026-04-10 19:30:28.965 -07:00] [INF] [4] Main: Cache path: "/config/cache"
[2026-04-10 19:30:28.965 -07:00] [INF] [4] Main: Temp directory path: "/tmp/jellyfin"
[2026-04-10 19:30:28.965 -07:00] [INF] [4] Main: Web resources path: "/usr/share/jellyfin/web"
[2026-04-10 19:30:28.966 -07:00] [INF] [4] Main: Application directory: "/usr/lib/jellyfin/bin/"
[2026-04-10 19:30:28.980 -07:00] [INF] [4] Jellyfin.Server.Startup: Storage path `"/config/data/data"` (Fixed) successfully checked with "169GiB" free which is over the minimum of "2GiB".
[2026-04-10 19:30:28.984 -07:00] [INF] [4] Jellyfin.Server.Startup: Storage path `"/config/cache"` (Fixed) successfully checked with "169GiB" free which is over the minimum of "2GiB".
[2026-04-10 19:30:28.986 -07:00] [INF] [4] Jellyfin.Server.Startup: Storage path `"/config/data"` (Fixed) successfully checked with "169GiB" free which is over the minimum of "2GiB".
[2026-04-10 19:30:29.009 -07:00] [INF] [4] Emby.Server.Implementations.AppBase.BaseConfigurationManager: Setting cache path: "/config/cache"
[2026-04-10 19:30:29.064 -07:00] [INF] [4] Jellyfin.Database.Providers.Sqlite.SqliteDatabaseProvider: SQLite connection string: "Data Source=/config/data/data/jellyfin.db;Cache=Default;Default Timeout=30;Pooling=True"
[2026-04-10 19:30:29.069 -07:00] [INF] [4] Jellyfin.Database.Providers.Sqlite.SqliteDatabaseProvider: SQLITE connection pragma command set to: 
"PRAGMA locking_mode=NORMAL;
PRAGMA journal_size_limit=134217728;
PRAGMA synchronous=1;
PRAGMA temp_store=2;
"
[2026-04-10 19:30:29.070 -07:00] [INF] [4] Jellyfin.Database.Implementations.Locking.NoLockBehavior: The database locking mode has been set to: NoLock.
[2026-04-10 19:30:29.093 -07:00] [INF] [4] Jellyfin.Server.Migrations.JellyfinMigrationService: Initialise Migration service.
[2026-04-10 19:30:29.096 -07:00] [INF] [4] Jellyfin.Server.Migrations.JellyfinMigrationService: System initialisation detected. Seed data.
[2026-04-10 19:30:29.500 -07:00] [WRN] [11] Microsoft.Extensions.Diagnostics.HealthChecks.DefaultHealthCheckService: Health check "StartupCheck" with status Degraded completed after 0.6951ms with message '"Server is still starting up."'
[2026-04-10 19:30:29.986 -07:00] [INF] [4] Jellyfin.Server.Migrations.JellyfinMigrationService: Seed migration null-"CleanMusicArtist".
[2026-04-10 19:30:29.990 -07:00] [INF] [4] Jellyfin.Server.Migrations.JellyfinMigrationService: Seed migration ef103419-8451-40d8-9f34-d1a8e93a1679-"CreateUserLoggingConfigFile".
[2026-04-10 19:30:29.993 -07:00] [INF] [4] Jellyfin.Server.Migrations.JellyfinMigrationService: Seed migration 4124c2cd-e939-4ffb-9be9-9b311c413638-"DisableTranscodingThrottling".
[2026-04-10 19:30:29.995 -07:00] [INF] [4] Jellyfin.Server.Migrations.JellyfinMigrationService: Seed migration cf6fabc2-9fbe-4933-84a5-ffe52ef22a58-"FixAudioData".
[2026-04-10 19:30:29.997 -07:00] [INF] [4] Jellyfin.Server.Migrations.JellyfinMigrationService: Seed migration null-"FixDates".
[2026-04-10 19:30:29.999 -07:00] [INF] [4] Jellyfin.Server.Migrations.JellyfinMigrationService: Seed migration null-"FixLibrarySubtitleDownloadLanguages".
[2026-04-10 19:30:30.001 -07:00] [INF] [4] Jellyfin.Server.Migrations.JellyfinMigrationService: Seed migration 615dfa9e-2497-4dbb-a472-61938b752c5b-"FixPlaylistOwner".
[2026-04-10 19:30:30.002 -07:00] [INF] [4] Jellyfin.Server.Migrations.JellyfinMigrationService: Seed migration 3793eb59-bc8c-456c-8b9f-bd5a62a42978-"MigrateActivityLogDb".
[2026-04-10 19:30:30.004 -07:00] [INF] [4] Jellyfin.Server.Migrations.JellyfinMigrationService: Seed migration 5bd72f41-e6f3-4f60-90aa-09869abe0e22-"MigrateAuthenticationDb".
[2026-04-10 19:30:30.005 -07:00] [INF] [4] Jellyfin.Server.Migrations.JellyfinMigrationService: Seed migration 06387815-c3cc-421f-a888-fb5f9992bea8-"MigrateDisplayPreferencesDb".
[2026-04-10 19:30:30.007 -07:00] [INF] [4] Jellyfin.Server.Migrations.JellyfinMigrationService: Seed migration null-"MigrateKeyframeData".
[2026-04-10 19:30:30.008 -07:00] [INF] [4] Jellyfin.Server.Migrations.JellyfinMigrationService: Seed migration null-"MigrateLibraryDb".
[2026-04-10 19:30:30.010 -07:00] [INF] [4] Jellyfin.Server.Migrations.JellyfinMigrationService: Seed migration null-"MigrateLibraryDbCompatibilityCheck".
[2026-04-10 19:30:30.011 -07:00] [INF] [4] Jellyfin.Server.Migrations.JellyfinMigrationService: Seed migration null-"MigrateLibraryUserData".
[2026-04-10 19:30:30.013 -07:00] [INF] [4] Jellyfin.Server.Migrations.JellyfinMigrationService: Seed migration null-"MigrateRatingLevels".
[2026-04-10 19:30:30.015 -07:00] [INF] [4] Jellyfin.Server.Migrations.JellyfinMigrationService: Seed migration 5c4b82a2-f053-4009-bd05-b6fcad82f14c-"MigrateUserDb".
[2026-04-10 19:30:30.016 -07:00] [INF] [4] Jellyfin.Server.Migrations.JellyfinMigrationService: Seed migration null-"MoveExtractedFiles".
[2026-04-10 19:30:30.018 -07:00] [INF] [4] Jellyfin.Server.Migrations.JellyfinMigrationService: Seed migration null-"RefreshInternalDateModified".
[2026-04-10 19:30:30.019 -07:00] [INF] [4] Jellyfin.Server.Migrations.JellyfinMigrationService: Seed migration a81f75e0-8f43-416f-a5e8-516ccab4d8cc-"RemoveDownloadImagesInAdvance".
[2026-04-10 19:30:30.021 -07:00] [INF] [4] Jellyfin.Server.Migrations.JellyfinMigrationService: Seed migration acbe17b7-8435-4a83-8b64-6fcf162cb9bd-"RemoveDuplicateExtras".
[2026-04-10 19:30:30.022 -07:00] [INF] [4] Jellyfin.Server.Migrations.JellyfinMigrationService: Seed migration 96c156a2-7a13-4b3b-a8b8-fb80c94d20c0-"RemoveDuplicatePlaylistChildren".
[2026-04-10 19:30:30.024 -07:00] [INF] [4] Jellyfin.Server.Migrations.JellyfinMigrationService: Seed migration null-"ReseedFolderFlag".
[2026-04-10 19:30:30.025 -07:00] [INF] [4] Jellyfin.Server.Migrations.JellyfinMigrationService: Seed migration 9b354818-94d5-4b68-ac49-e35cb85f9d84-"CreateNetworkConfiguration".
[2026-04-10 19:30:30.027 -07:00] [INF] [4] Jellyfin.Server.Migrations.JellyfinMigrationService: Seed migration a8e61960-7726-4450-8f3d-82c12daabbcb-"MigrateEncodingOptions".
[2026-04-10 19:30:30.029 -07:00] [INF] [4] Jellyfin.Server.Migrations.JellyfinMigrationService: Seed migration a6dcacf4-c057-4ef9-80d3-61cef9ddb4f0-"MigrateMusicBrainzTimeout".
[2026-04-10 19:30:30.031 -07:00] [INF] [4] Jellyfin.Server.Migrations.JellyfinMigrationService: Seed migration 4fb5c950-1991-11ee-9b4b-0800200c9a66-"MigrateNetworkConfiguration".
[2026-04-10 19:30:30.032 -07:00] [INF] [4] Jellyfin.Server.Migrations.JellyfinMigrationService: Seed migration e73b777d-cd5c-4e71-957a-b86b3660b7cf-"RenameEnableGroupingIntoCollections".
[2026-04-10 19:30:30.038 -07:00] [INF] [4] Jellyfin.Server.Migrations.JellyfinMigrationService: Migration system initialisation completed.
[2026-04-10 19:30:30.052 -07:00] [INF] [4] Jellyfin.Server.Migrations.JellyfinMigrationService: There are 0 migrations for stage PreInitialisation.
[2026-04-10 19:30:30.058 -07:00] [INF] [4] Emby.Server.Implementations.AppBase.BaseConfigurationManager: Setting cache path: "/config/cache"
[2026-04-10 19:30:30.097 -07:00] [INF] [4] Emby.Server.Implementations.ApplicationHost: Loading assemblies
[2026-04-10 19:30:30.128 -07:00] [INF] [4] Jellyfin.Networking.Manager.NetworkManager: Defined LAN subnets: ["::1/128", "fe80::/10", "fc00::/7", "127.0.0.1/8", "10.0.0.0/8", "172.16.0.0/12", "192.168.0.0/16"]
[2026-04-10 19:30:30.129 -07:00] [INF] [4] Jellyfin.Networking.Manager.NetworkManager: Defined LAN exclusions: []
[2026-04-10 19:30:30.129 -07:00] [INF] [4] Jellyfin.Networking.Manager.NetworkManager: Used LAN subnets: ["::1/128", "fe80::/10", "fc00::/7", "127.0.0.1/8", "10.0.0.0/8", "172.16.0.0/12", "192.168.0.0/16"]
[2026-04-10 19:30:30.129 -07:00] [INF] [4] Jellyfin.Networking.Manager.NetworkManager: Filtered interface addresses: []
[2026-04-10 19:30:30.130 -07:00] [INF] [4] Jellyfin.Networking.Manager.NetworkManager: Bind Addresses ["::"]
[2026-04-10 19:30:30.130 -07:00] [INF] [4] Jellyfin.Networking.Manager.NetworkManager: Remote IP filter is "Allowlist"
[2026-04-10 19:30:30.130 -07:00] [INF] [4] Jellyfin.Networking.Manager.NetworkManager: Filtered subnets: []
[2026-04-10 19:30:30.192 -07:00] [INF] [4] Jellyfin.Database.Providers.Sqlite.SqliteDatabaseProvider: SQLite connection string: "Data Source=/config/data/data/jellyfin.db;Cache=Default;Default Timeout=30;Pooling=True"
[2026-04-10 19:30:30.192 -07:00] [INF] [4] Jellyfin.Database.Providers.Sqlite.SqliteDatabaseProvider: SQLITE connection pragma command set to: 
"PRAGMA locking_mode=NORMAL;
PRAGMA journal_size_limit=134217728;
PRAGMA synchronous=1;
PRAGMA temp_store=2;
"
[2026-04-10 19:30:30.193 -07:00] [INF] [4] Jellyfin.Database.Implementations.Locking.NoLockBehavior: The database locking mode has been set to: NoLock.
[2026-04-10 19:30:30.196 -07:00] [INF] [4] Main: Prepare system for possible migrations
[2026-04-10 19:30:30.231 -07:00] [INF] [4] Main: A migration will attempt to modify the jellyfin.db, will attempt to backup the file now.
[2026-04-10 19:30:30.236 -07:00] [INF] [4] Main: Jellyfin database has been backed up as "20260411023030"
[2026-04-10 19:30:30.244 -07:00] [INF] [4] Jellyfin.Server.Migrations.JellyfinMigrationService: There are 0 migrations for stage CoreInitialisation.
[2026-04-10 19:30:30.245 -07:00] [INF] [4] InternalDatabaseMigration: Perform migration "20200514181226_AddActivityLog"
[2026-04-10 19:30:30.293 -07:00] [INF] [4] InternalDatabaseMigration: Migration "20200514181226_AddActivityLog" was successfully applied
[2026-04-10 19:30:30.293 -07:00] [INF] [4] InternalDatabaseMigration: Perform migration "20200613202153_AddUsers"
[2026-04-10 19:30:30.341 -07:00] [INF] [4] InternalDatabaseMigration: Migration "20200613202153_AddUsers" was successfully applied
[2026-04-10 19:30:30.341 -07:00] [INF] [4] InternalDatabaseMigration: Perform migration "20200728005145_AddDisplayPreferences"
[2026-04-10 19:30:30.385 -07:00] [INF] [4] InternalDatabaseMigration: Migration "20200728005145_AddDisplayPreferences" was successfully applied
[2026-04-10 19:30:30.385 -07:00] [INF] [4] InternalDatabaseMigration: Perform migration "20200905220533_FixDisplayPreferencesIndex"
[2026-04-10 19:30:30.414 -07:00] [INF] [4] InternalDatabaseMigration: Migration "20200905220533_FixDisplayPreferencesIndex" was successfully applied
[2026-04-10 19:30:30.414 -07:00] [INF] [4] InternalDatabaseMigration: Perform migration "20201004171403_AddMaxActiveSessions"
[2026-04-10 19:30:30.447 -07:00] [INF] [4] InternalDatabaseMigration: Migration "20201004171403_AddMaxActiveSessions" was successfully applied
[2026-04-10 19:30:30.447 -07:00] [INF] [4] InternalDatabaseMigration: Perform migration "20201204223655_AddCustomDisplayPreferences"
[2026-04-10 19:30:30.498 -07:00] [INF] [4] InternalDatabaseMigration: Migration "20201204223655_AddCustomDisplayPreferences" was successfully applied
[2026-04-10 19:30:30.498 -07:00] [INF] [4] InternalDatabaseMigration: Perform migration "20210320181425_AddIndexesAndCollations"
[2026-04-10 19:30:30.525 -07:00] [WRN] [11] Microsoft.Extensions.Diagnostics.HealthChecks.DefaultHealthCheckService: Health check "StartupCheck" with status Degraded completed after 0.0299ms with message '"Server is still starting up."'
[2026-04-10 19:30:30.534 -07:00] [WRN] [4] Microsoft.EntityFrameworkCore.Migrations: An operation of type '"SqlOperation"' will be attempted while a rebuild of table '"ImageInfos"' is pending. The database may not be in an expected state. Review the SQL generated by this migration to help diagnose any failures. Consider moving these operations to a subsequent migration.
[2026-04-10 19:30:30.534 -07:00] [WRN] [4] Microsoft.EntityFrameworkCore.Migrations: An operation of type '"SqlOperation"' will be attempted while a rebuild of table '"ImageInfos"' is pending. The database may not be in an expected state. Review the SQL generated by this migration to help diagnose any failures. Consider moving these operations to a subsequent migration.
[2026-04-10 19:30:30.535 -07:00] [WRN] [4] Microsoft.EntityFrameworkCore.Migrations: An operation of type '"SqlOperation"' will be attempted while a rebuild of table '"Permissions"' is pending. The database may not be in an expected state. Review the SQL generated by this migration to help diagnose any failures. Consider moving these operations to a subsequent migration.
[2026-04-10 19:30:30.535 -07:00] [WRN] [4] Microsoft.EntityFrameworkCore.Migrations: An operation of type '"SqlOperation"' will be attempted while a rebuild of table '"Permissions"' is pending. The database may not be in an expected state. Review the SQL generated by this migration to help diagnose any failures. Consider moving these operations to a subsequent migration.
[2026-04-10 19:30:30.536 -07:00] [WRN] [4] Microsoft.EntityFrameworkCore.Migrations: An operation of type '"SqlOperation"' will be attempted while a rebuild of table '"Preferences"' is pending. The database may not be in an expected state. Review the SQL generated by this migration to help diagnose any failures. Consider moving these operations to a subsequent migration.
[2026-04-10 19:30:30.536 -07:00] [WRN] [4] Microsoft.EntityFrameworkCore.Migrations: An operation of type '"SqlOperation"' will be attempted while a rebuild of table '"Preferences"' is pending. The database may not be in an expected state. Review the SQL generated by this migration to help diagnose any failures. Consider moving these operations to a subsequent migration.
[2026-04-10 19:30:30.536 -07:00] [WRN] [4] Microsoft.EntityFrameworkCore.Migrations: An operation of type '"SqlOperation"' will be attempted while a rebuild of table '"Users"' is pending. The database may not be in an expected state. Review the SQL generated by this migration to help diagnose any failures. Consider moving these operations to a subsequent migration.
[2026-04-10 19:30:30.536 -07:00] [WRN] [4] Microsoft.EntityFrameworkCore.Migrations: An operation of type '"SqlOperation"' will be attempted while a rebuild of table '"Users"' is pending. The database may not be in an expected state. Review the SQL generated by this migration to help diagnose any failures. Consider moving these operations to a subsequent migration.
[2026-04-10 19:30:30.557 -07:00] [INF] [4] InternalDatabaseMigration: Migration "20210320181425_AddIndexesAndCollations" was successfully applied
[2026-04-10 19:30:30.557 -07:00] [INF] [4] InternalDatabaseMigration: Perform migration "20210407110544_NullableCustomPrefValue"
[2026-04-10 19:30:30.597 -07:00] [INF] [4] InternalDatabaseMigration: Migration "20210407110544_NullableCustomPrefValue" was successfully applied
[2026-04-10 19:30:30.598 -07:00] [INF] [4] InternalDatabaseMigration: Perform migration "20210814002109_AddDevices"
[2026-04-10 19:30:30.633 -07:00] [INF] [4] InternalDatabaseMigration: Migration "20210814002109_AddDevices" was successfully applied
[2026-04-10 19:30:30.634 -07:00] [INF] [4] InternalDatabaseMigration: Perform migration "20221022080052_AddIndexActivityLogsDateCreated"
[2026-04-10 19:30:30.665 -07:00] [INF] [4] InternalDatabaseMigration: Migration "20221022080052_AddIndexActivityLogsDateCreated" was successfully applied
[2026-04-10 19:30:30.665 -07:00] [INF] [4] InternalDatabaseMigration: Perform migration "20230526173516_RemoveEasyPassword"
[2026-04-10 19:30:30.710 -07:00] [INF] [4] InternalDatabaseMigration: Migration "20230526173516_RemoveEasyPassword" was successfully applied
[2026-04-10 19:30:30.710 -07:00] [INF] [4] InternalDatabaseMigration: Perform migration "20230626233818_AddTrickplayInfos"
[2026-04-10 19:30:30.743 -07:00] [INF] [4] InternalDatabaseMigration: Migration "20230626233818_AddTrickplayInfos" was successfully applied
[2026-04-10 19:30:30.743 -07:00] [INF] [4] InternalDatabaseMigration: Perform migration "20230923170422_UserCastReceiver"
[2026-04-10 19:30:30.773 -07:00] [INF] [4] InternalDatabaseMigration: Migration "20230923170422_UserCastReceiver" was successfully applied
[2026-04-10 19:30:30.774 -07:00] [INF] [4] InternalDatabaseMigration: Perform migration "20240729140605_AddMediaSegments"
[2026-04-10 19:30:30.805 -07:00] [INF] [4] InternalDatabaseMigration: Migration "20240729140605_AddMediaSegments" was successfully applied
[2026-04-10 19:30:30.805 -07:00] [INF] [4] InternalDatabaseMigration: Perform migration "20240928082930_MarkSegmentProviderIdNonNullable"
[2026-04-10 19:30:30.857 -07:00] [INF] [4] InternalDatabaseMigration: Migration "20240928082930_MarkSegmentProviderIdNonNullable" was successfully applied
[2026-04-10 19:30:30.857 -07:00] [INF] [4] InternalDatabaseMigration: Perform migration "20241020103111_LibraryDbMigration"
[2026-04-10 19:30:30.934 -07:00] [INF] [4] InternalDatabaseMigration: Migration "20241020103111_LibraryDbMigration" was successfully applied
[2026-04-10 19:30:30.934 -07:00] [INF] [4] InternalDatabaseMigration: Perform migration "20241111131257_AddedCustomDataKey"
[2026-04-10 19:30:30.975 -07:00] [INF] [4] InternalDatabaseMigration: Migration "20241111131257_AddedCustomDataKey" was successfully applied
[2026-04-10 19:30:30.975 -07:00] [INF] [4] InternalDatabaseMigration: Perform migration "20241111135439_AddedCustomDataKeyKey"
[2026-04-10 19:30:31.047 -07:00] [INF] [4] InternalDatabaseMigration: Migration "20241111135439_AddedCustomDataKeyKey" was successfully applied
[2026-04-10 19:30:31.047 -07:00] [INF] [4] InternalDatabaseMigration: Perform migration "20241112152323_FixAncestorIdConfig"
[2026-04-10 19:30:31.113 -07:00] [INF] [4] InternalDatabaseMigration: Migration "20241112152323_FixAncestorIdConfig" was successfully applied
[2026-04-10 19:30:31.113 -07:00] [INF] [4] InternalDatabaseMigration: Perform migration "20241112232041_FixMediaStreams"
[2026-04-10 19:30:31.186 -07:00] [INF] [4] InternalDatabaseMigration: Migration "20241112232041_FixMediaStreams" was successfully applied
[2026-04-10 19:30:31.186 -07:00] [INF] [4] InternalDatabaseMigration: Perform migration "20241112234144_FixMediaStreams2"
[2026-04-10 19:30:31.255 -07:00] [INF] [4] InternalDatabaseMigration: Migration "20241112234144_FixMediaStreams2" was successfully applied
[2026-04-10 19:30:31.255 -07:00] [INF] [4] InternalDatabaseMigration: Perform migration "20241113133548_EnforceUniqueItemValue"
[2026-04-10 19:30:31.298 -07:00] [INF] [4] InternalDatabaseMigration: Migration "20241113133548_EnforceUniqueItemValue" was successfully applied
[2026-04-10 19:30:31.298 -07:00] [INF] [4] InternalDatabaseMigration: Perform migration "20250202021306_FixedCollation"
[2026-04-10 19:30:31.369 -07:00] [INF] [4] InternalDatabaseMigration: Migration "20250202021306_FixedCollation" was successfully applied
[2026-04-10 19:30:31.369 -07:00] [INF] [4] InternalDatabaseMigration: Perform migration "20250204092455_MakeStartEndDateNullable"
[2026-04-10 19:30:31.448 -07:00] [INF] [4] InternalDatabaseMigration: Migration "20250204092455_MakeStartEndDateNullable" was successfully applied
[2026-04-10 19:30:31.448 -07:00] [INF] [4] InternalDatabaseMigration: Perform migration "20250214031148_ChannelIdGuid"
[2026-04-10 19:30:31.493 -07:00] [INF] [4] InternalDatabaseMigration: Migration "20250214031148_ChannelIdGuid" was successfully applied
[2026-04-10 19:30:31.493 -07:00] [INF] [4] InternalDatabaseMigration: Perform migration "20250326065026_AddInheritedParentalRatingSubValue"
[2026-04-10 19:30:31.538 -07:00] [INF] [4] InternalDatabaseMigration: Migration "20250326065026_AddInheritedParentalRatingSubValue" was successfully applied
[2026-04-10 19:30:31.538 -07:00] [INF] [4] InternalDatabaseMigration: Perform migration "20250327101120_AddKeyframeData"
[2026-04-10 19:30:31.541 -07:00] [WRN] [15] Microsoft.Extensions.Diagnostics.HealthChecks.DefaultHealthCheckService: Health check "StartupCheck" with status Degraded completed after 0.0024ms with message '"Server is still starting up."'
[2026-04-10 19:30:31.584 -07:00] [INF] [4] InternalDatabaseMigration: Migration "20250327101120_AddKeyframeData" was successfully applied
[2026-04-10 19:30:31.584 -07:00] [INF] [4] InternalDatabaseMigration: Perform migration "20250327171413_AddHdr10PlusFlag"
[2026-04-10 19:30:31.627 -07:00] [INF] [4] InternalDatabaseMigration: Migration "20250327171413_AddHdr10PlusFlag" was successfully applied
[2026-04-10 19:30:31.627 -07:00] [INF] [4] InternalDatabaseMigration: Perform migration "20250331182844_FixAttachmentMigration"
[2026-04-10 19:30:31.686 -07:00] [INF] [4] InternalDatabaseMigration: Migration "20250331182844_FixAttachmentMigration" was successfully applied
[2026-04-10 19:30:31.686 -07:00] [INF] [4] InternalDatabaseMigration: Perform migration "20250401142247_FixAncestors"
[2026-04-10 19:30:31.726 -07:00] [INF] [4] InternalDatabaseMigration: Migration "20250401142247_FixAncestors" was successfully applied
[2026-04-10 19:30:31.726 -07:00] [INF] [4] InternalDatabaseMigration: Perform migration "20250405075612_FixItemValuesIndices"
[2026-04-10 19:30:31.771 -07:00] [INF] [4] InternalDatabaseMigration: Migration "20250405075612_FixItemValuesIndices" was successfully applied
[2026-04-10 19:30:31.771 -07:00] [INF] [4] InternalDatabaseMigration: Perform migration "20250609115616_DetachUserDataInsteadOfDelete"
[2026-04-10 19:30:31.839 -07:00] [INF] [4] InternalDatabaseMigration: Migration "20250609115616_DetachUserDataInsteadOfDelete" was successfully applied
[2026-04-10 19:30:31.839 -07:00] [INF] [4] InternalDatabaseMigration: Perform migration "20250622170802_BaseItemImageInfoDateModifiedNullable"
[2026-04-10 19:30:31.901 -07:00] [INF] [4] InternalDatabaseMigration: Migration "20250622170802_BaseItemImageInfoDateModifiedNullable" was successfully applied
[2026-04-10 19:30:31.901 -07:00] [INF] [4] InternalDatabaseMigration: Perform migration "20250714044826_ResetJournalMode"
[2026-04-10 19:30:31.943 -07:00] [INF] [4] InternalDatabaseMigration: Migration "20250714044826_ResetJournalMode" was successfully applied
[2026-04-10 19:30:31.943 -07:00] [INF] [4] InternalDatabaseMigration: Perform migration "20250913211637_AddProperParentChildRelationBaseItemWithCascade"
[2026-04-10 19:30:32.026 -07:00] [INF] [4] InternalDatabaseMigration: Migration "20250913211637_AddProperParentChildRelationBaseItemWithCascade" was successfully applied
[2026-04-10 19:30:32.026 -07:00] [INF] [4] InternalDatabaseMigration: Perform migration "20250925203415_ExtendPeopleMapKey"
[2026-04-10 19:30:32.096 -07:00] [INF] [4] InternalDatabaseMigration: Migration "20250925203415_ExtendPeopleMapKey" was successfully applied
[2026-04-10 19:30:32.463 -07:00] [INF] [4] Emby.Server.Implementations.AppBase.BaseConfigurationManager: Saving system configuration
[2026-04-10 19:30:32.468 -07:00] [INF] [4] Emby.Server.Implementations.AppBase.BaseConfigurationManager: Setting cache path: "/config/cache"
[2026-04-10 19:30:32.476 -07:00] [INF] [4] Emby.Server.Implementations.Plugins.PluginManager: Loaded plugin: "TMDb" "10.11.8.0"
[2026-04-10 19:30:32.477 -07:00] [INF] [4] Emby.Server.Implementations.Plugins.PluginManager: Loaded plugin: "Studio Images" "10.11.8.0"
[2026-04-10 19:30:32.477 -07:00] [INF] [4] Emby.Server.Implementations.Plugins.PluginManager: Loaded plugin: "OMDb" "10.11.8.0"
[2026-04-10 19:30:32.492 -07:00] [INF] [4] Emby.Server.Implementations.Plugins.PluginManager: Loaded plugin: "MusicBrainz" "10.11.8.0"
[2026-04-10 19:30:32.492 -07:00] [INF] [4] Emby.Server.Implementations.Plugins.PluginManager: Loaded plugin: "AudioDB" "10.11.8.0"
[2026-04-10 19:30:32.553 -07:00] [INF] [4] Jellyfin.Server.Migrations.JellyfinMigrationService: There are 5 migrations for stage AppInitialisation.
[2026-04-10 19:30:32.554 -07:00] [INF] [4] InternalCodeMigration: Perform migration "20250420090000_AddDefaultPluginRepository"
[2026-04-10 19:30:32.556 -07:00] [INF] [4] Emby.Server.Implementations.AppBase.BaseConfigurationManager: Saving system configuration
[2026-04-10 19:30:32.560 -07:00] [INF] [4] Emby.Server.Implementations.AppBase.BaseConfigurationManager: Setting cache path: "/config/cache"
[2026-04-10 19:30:32.560 -07:00] [WRN] [16] Microsoft.Extensions.Diagnostics.HealthChecks.DefaultHealthCheckService: Health check "StartupCheck" with status Degraded completed after 0.0023ms with message '"Server is still starting up."'
[2026-04-10 19:30:32.565 -07:00] [INF] [4] InternalCodeMigration: Migration "20250420090000_AddDefaultPluginRepository" was successfully applied
[2026-04-10 19:30:32.565 -07:00] [INF] [4] InternalCodeMigration: Perform migration "20250420110000_ReaddDefaultPluginRepository"
[2026-04-10 19:30:32.568 -07:00] [INF] [4] InternalCodeMigration: Migration "20250420110000_ReaddDefaultPluginRepository" was successfully applied
[2026-04-10 19:30:32.568 -07:00] [INF] [4] InternalCodeMigration: Perform migration "20250420160000_AddDefaultCastReceivers"
[2026-04-10 19:30:32.568 -07:00] [INF] [4] Emby.Server.Implementations.AppBase.BaseConfigurationManager: Saving system configuration
[2026-04-10 19:30:32.572 -07:00] [INF] [4] Emby.Server.Implementations.AppBase.BaseConfigurationManager: Setting cache path: "/config/cache"
[2026-04-10 19:30:32.577 -07:00] [INF] [4] InternalCodeMigration: Migration "20250420160000_AddDefaultCastReceivers" was successfully applied
[2026-04-10 19:30:32.577 -07:00] [INF] [4] InternalCodeMigration: Perform migration "20250420170000_UpdateDefaultPluginRepository"
[2026-04-10 19:30:32.577 -07:00] [INF] [4] Emby.Server.Implementations.AppBase.BaseConfigurationManager: Saving system configuration
[2026-04-10 19:30:32.581 -07:00] [INF] [4] Emby.Server.Implementations.AppBase.BaseConfigurationManager: Setting cache path: "/config/cache"
[2026-04-10 19:30:32.587 -07:00] [INF] [4] InternalCodeMigration: Migration "20250420170000_UpdateDefaultPluginRepository" was successfully applied
[2026-04-10 19:30:32.587 -07:00] [INF] [4] InternalCodeMigration: Perform migration "20250420230000_MoveTrickplayFiles"
[2026-04-10 19:30:32.763 -07:00] [INF] [4] Jellyfin.Server.Migrations.Routines.MoveTrickplayFiles: Checked: 5000 - Moved: 0 - Time: 00:00:00.1740592
[2026-04-10 19:30:32.763 -07:00] [INF] [4] Jellyfin.Server.Migrations.Routines.MoveTrickplayFiles: Moved 0 items in 00:00:00.1748547
[2026-04-10 19:30:32.765 -07:00] [INF] [4] InternalCodeMigration: Migration "20250420230000_MoveTrickplayFiles" was successfully applied
[2026-04-10 19:30:32.765 -07:00] [INF] [4] Main: Attempt to cleanup JellyfinDb backup.
[2026-04-10 19:30:32.797 -07:00] [INF] [15] Main: Kestrel is listening on "all interfaces"
[2026-04-10 19:30:32.813 -07:00] [WRN] [4] Microsoft.AspNetCore.DataProtection.KeyManagement.XmlKeyManager: No XML encryptor configured. Key {efcc01de-dca4-4187-8607-3a8e31049adf} may be persisted to storage in unencrypted form.
[2026-04-10 19:30:33.328 -07:00] [WRN] [15] Microsoft.AspNetCore.StaticFiles.StaticFileMiddleware: The WebRootPath was not found: "/run/s6-rc:s6-rc-init:LiDEAn/servicedirs/svc-jellyfin/wwwroot". Static files may be unavailable.
[2026-04-10 19:30:33.769 -07:00] [INF] [15] Emby.Server.Implementations.ApplicationHost: Running startup tasks
[2026-04-10 19:30:33.776 -07:00] [INF] [15] Emby.Server.Implementations.ScheduledTasks.TaskManager: Daily trigger for "Generate Trickplay Images" set to fire at 2026-04-11 03:00:00.000 -07:00, which is 07:29:26.2234933 from now.
[2026-04-10 19:30:33.780 -07:00] [INF] [15] Emby.Server.Implementations.ScheduledTasks.TaskManager: Daily trigger for "Extract Chapter Images" set to fire at 2026-04-11 02:00:00.000 -07:00, which is 06:29:26.2194287 from now.
[2026-04-10 19:30:33.808 -07:00] [INF] [15] MediaBrowser.MediaEncoding.Encoder.MediaEncoder: Found ffmpeg version "7.1.3"
[2026-04-10 19:30:33.859 -07:00] [INF] [15] MediaBrowser.MediaEncoding.Encoder.MediaEncoder: Available "decoders": ["libdav1d", "av1", "av1_cuvid", "av1_qsv", "h264", "h264_qsv", "h264_cuvid", "hevc", "hevc_qsv", "hevc_cuvid", "mpeg2video", "mpeg2_qsv", "mpeg2_cuvid", "mpeg4", "mpeg4_cuvid", "msmpeg4", "vc1_qsv", "vc1_cuvid", "vp8", "libvpx", "vp8_cuvid", "vp8_qsv", "vp9", "libvpx-vp9", "vp9_cuvid", "vp9_qsv", "aac", "ac3", "ac4", "dca", "flac", "mp3", "truehd"]
[2026-04-10 19:30:33.878 -07:00] [INF] [15] MediaBrowser.MediaEncoding.Encoder.MediaEncoder: Available "encoders": ["libsvtav1", "av1_nvenc", "av1_qsv", "av1_amf", "av1_vaapi", "libx264", "h264_amf", "h264_nvenc", "h264_qsv", "h264_v4l2m2m", "h264_vaapi", "libx265", "hevc_amf", "hevc_nvenc", "hevc_qsv", "hevc_vaapi", "mjpeg_qsv", "mjpeg_vaapi", "aac", "libfdk_aac", "ac3", "alac", "dca", "flac", "libmp3lame", "libopus", "truehd", "libvorbis", "srt"]
[2026-04-10 19:30:33.894 -07:00] [INF] [15] MediaBrowser.MediaEncoding.Encoder.MediaEncoder: Available filters: ["bwdif_cuda", "bwdif_opencl", "deinterlace_qsv", "deinterlace_vaapi", "flip_vulkan", "hwupload_cuda", "hwupload_vaapi", "libplacebo", "overlay_opencl", "overlay_qsv", "overlay_vaapi", "overlay_vulkan", "overlay_cuda", "procamp_vaapi", "scale_cuda", "scale_opencl", "scale_qsv", "scale_vaapi", "scale_vulkan", "tonemapx", "tonemap_cuda", "tonemap_opencl", "tonemap_vaapi", "transpose_cuda", "transpose_opencl", "transpose_vaapi", "transpose_vulkan", "vpp_qsv", "yadif_cuda", "yadif_opencl", "zscale", "alphasrc"]
[2026-04-10 19:30:34.102 -07:00] [INF] [15] MediaBrowser.MediaEncoding.Encoder.MediaEncoder: Available hwaccel types: ["cuda", "vaapi", "qsv", "drm", "opencl", "vulkan"]
[2026-04-10 19:30:36.791 -07:00] [INF] [4] Emby.Server.Implementations.ScheduledTasks.TaskManager: "Clean up collections and playlists" Completed after 0 minute(s) and 0 seconds
[2026-04-10 19:30:36.799 -07:00] [INF] [6] Emby.Server.Implementations.ScheduledTasks.TaskManager: "Clean Transcode Directory" Completed after 0 minute(s) and 0 seconds
[2026-04-10 19:30:37.656 -07:00] [INF] [10] Emby.Server.Implementations.ScheduledTasks.TaskManager: "Update Plugins" Completed after 0 minute(s) and 0 seconds
[2026-04-10 19:30:42.543 -07:00] [INF] [15] MediaBrowser.MediaEncoding.Encoder.MediaEncoder: FFmpeg: "/usr/lib/jellyfin-ffmpeg/ffmpeg"
[2026-04-10 19:30:42.547 -07:00] [INF] [15] Emby.Server.Implementations.ApplicationHost: ServerId: "fa2f85615b584a248e33dc09bf3d8e4e"
[2026-04-10 19:30:42.547 -07:00] [INF] [15] Emby.Server.Implementations.ApplicationHost: Core startup complete
[2026-04-10 19:30:42.547 -07:00] [INF] [15] Main: Startup complete 0:00:14.031497
[2026-04-10 19:48:28.362 -07:00] [INF] [1] Emby.Server.Implementations.AppBase.BaseConfigurationManager: Setting cache path: "/config/cache"
[2026-04-10 19:48:28.691 -07:00] [INF] [9] Jellyfin.Server.ServerSetupApp.SetupServer: Kestrel is listening on "all interfaces"
[2026-04-10 19:48:28.740 -07:00] [INF] [9] Main: Jellyfin version: "10.11.8"
[2026-04-10 19:48:28.745 -07:00] [INF] [9] Main: Environment Variables: ["[JELLYFIN_BASE_URL, http://localhost:8096]", "[JELLYFIN_DATA_DIR, /config/data]", "[JELLYFIN_PublishedServerUrl, http://localhost:8096]", "[JELLYFIN_LOG_DIR, /config/log]", "[JELLYFIN_CONFIG_DIR, /config]", "[JELLYFIN_CACHE_DIR, /config/cache]", "[JELLYFIN_WEB_DIR, /usr/share/jellyfin/web]"]
[2026-04-10 19:48:28.747 -07:00] [INF] [9] Main: Arguments: ["/usr/lib/jellyfin/bin/jellyfin.dll", "--ffmpeg=/usr/lib/jellyfin-ffmpeg/ffmpeg"]
[2026-04-10 19:48:28.748 -07:00] [INF] [9] Main: Operating system: "Ubuntu 24.04.4 LTS"
[2026-04-10 19:48:28.748 -07:00] [INF] [9] Main: Architecture: X64
[2026-04-10 19:48:28.749 -07:00] [INF] [9] Main: 64-Bit Process: True
[2026-04-10 19:48:28.749 -07:00] [INF] [9] Main: User Interactive: True
[2026-04-10 19:48:28.749 -07:00] [INF] [9] Main: Processor count: 16
[2026-04-10 19:48:28.749 -07:00] [INF] [9] Main: Program data path: "/config/data"
[2026-04-10 19:48:28.749 -07:00] [INF] [9] Main: Log directory path: "/config/log"
[2026-04-10 19:48:28.750 -07:00] [INF] [9] Main: Config directory path: "/config"
[2026-04-10 19:48:28.750 -07:00] [INF] [9] Main: Cache path: "/config/cache"
[2026-04-10 19:48:28.750 -07:00] [INF] [9] Main: Temp directory path: "/tmp/jellyfin"
[2026-04-10 19:48:28.750 -07:00] [INF] [9] Main: Web resources path: "/usr/share/jellyfin/web"
[2026-04-10 19:48:28.750 -07:00] [INF] [9] Main: Application directory: "/usr/lib/jellyfin/bin/"
[2026-04-10 19:48:28.770 -07:00] [INF] [9] Jellyfin.Server.Startup: Storage path `"/config/data/data"` (Fixed) successfully checked with "161.3GiB" free which is over the minimum of "2GiB".
[2026-04-10 19:48:28.775 -07:00] [INF] [9] Jellyfin.Server.Startup: Storage path `"/config/cache"` (Fixed) successfully checked with "161.3GiB" free which is over the minimum of "2GiB".
[2026-04-10 19:48:28.779 -07:00] [INF] [9] Jellyfin.Server.Startup: Storage path `"/config/data"` (Fixed) successfully checked with "161.3GiB" free which is over the minimum of "2GiB".
[2026-04-10 19:48:28.787 -07:00] [INF] [9] Emby.Server.Implementations.AppBase.BaseConfigurationManager: Setting cache path: "/config/cache"
[2026-04-10 19:48:28.888 -07:00] [INF] [9] Jellyfin.Database.Providers.Sqlite.SqliteDatabaseProvider: SQLite connection string: "Data Source=/config/data/data/jellyfin.db;Cache=Default;Default Timeout=30;Pooling=True"
[2026-04-10 19:48:28.895 -07:00] [INF] [9] Jellyfin.Database.Providers.Sqlite.SqliteDatabaseProvider: SQLITE connection pragma command set to: 
"PRAGMA locking_mode=NORMAL;
PRAGMA journal_size_limit=134217728;
PRAGMA synchronous=1;
PRAGMA temp_store=2;
"
[2026-04-10 19:48:28.896 -07:00] [INF] [9] Jellyfin.Database.Implementations.Locking.NoLockBehavior: The database locking mode has been set to: NoLock.
[2026-04-10 19:48:28.942 -07:00] [INF] [9] Jellyfin.Server.Migrations.JellyfinMigrationService: Initialise Migration service.
[2026-04-10 19:48:28.946 -07:00] [INF] [9] Jellyfin.Server.Migrations.JellyfinMigrationService: System initialisation detected. Seed data.
[2026-04-10 19:48:29.740 -07:00] [WRN] [10] Microsoft.Extensions.Diagnostics.HealthChecks.DefaultHealthCheckService: Health check "StartupCheck" with status Degraded completed after 1.0816ms with message '"Server is still starting up."'
[2026-04-10 19:48:30.168 -07:00] [INF] [9] Jellyfin.Server.Migrations.JellyfinMigrationService: Migration system initialisation completed.
[2026-04-10 19:48:30.180 -07:00] [INF] [9] Jellyfin.Server.Migrations.JellyfinMigrationService: There are 0 migrations for stage PreInitialisation.
[2026-04-10 19:48:30.189 -07:00] [INF] [9] Emby.Server.Implementations.AppBase.BaseConfigurationManager: Setting cache path: "/config/cache"
[2026-04-10 19:48:30.263 -07:00] [INF] [9] Emby.Server.Implementations.ApplicationHost: Loading assemblies
[2026-04-10 19:48:30.307 -07:00] [INF] [9] Jellyfin.Networking.Manager.NetworkManager: Defined LAN subnets: ["::1/128", "fe80::/10", "fc00::/7", "127.0.0.1/8", "10.0.0.0/8", "172.16.0.0/12", "192.168.0.0/16"]
[2026-04-10 19:48:30.307 -07:00] [INF] [9] Jellyfin.Networking.Manager.NetworkManager: Defined LAN exclusions: []
[2026-04-10 19:48:30.308 -07:00] [INF] [9] Jellyfin.Networking.Manager.NetworkManager: Used LAN subnets: ["::1/128", "fe80::/10", "fc00::/7", "127.0.0.1/8", "10.0.0.0/8", "172.16.0.0/12", "192.168.0.0/16"]
[2026-04-10 19:48:30.308 -07:00] [INF] [9] Jellyfin.Networking.Manager.NetworkManager: Filtered interface addresses: []
[2026-04-10 19:48:30.310 -07:00] [INF] [9] Jellyfin.Networking.Manager.NetworkManager: Bind Addresses ["::"]
[2026-04-10 19:48:30.310 -07:00] [INF] [9] Jellyfin.Networking.Manager.NetworkManager: Remote IP filter is "Allowlist"
[2026-04-10 19:48:30.310 -07:00] [INF] [9] Jellyfin.Networking.Manager.NetworkManager: Filtered subnets: []
[2026-04-10 19:48:30.438 -07:00] [INF] [9] Jellyfin.Database.Providers.Sqlite.SqliteDatabaseProvider: SQLite connection string: "Data Source=/config/data/data/jellyfin.db;Cache=Default;Default Timeout=30;Pooling=True"
[2026-04-10 19:48:30.438 -07:00] [INF] [9] Jellyfin.Database.Providers.Sqlite.SqliteDatabaseProvider: SQLITE connection pragma command set to: 
"PRAGMA locking_mode=NORMAL;
PRAGMA journal_size_limit=134217728;
PRAGMA synchronous=1;
PRAGMA temp_store=2;
"
[2026-04-10 19:48:30.439 -07:00] [INF] [9] Jellyfin.Database.Implementations.Locking.NoLockBehavior: The database locking mode has been set to: NoLock.
[2026-04-10 19:48:30.443 -07:00] [INF] [9] Main: Prepare system for possible migrations
[2026-04-10 19:48:30.494 -07:00] [INF] [9] Jellyfin.Server.Migrations.JellyfinMigrationService: There are 0 migrations for stage CoreInitialisation.
[2026-04-10 19:48:30.772 -07:00] [WRN] [7] Microsoft.Extensions.Diagnostics.HealthChecks.DefaultHealthCheckService: Health check "StartupCheck" with status Degraded completed after 0.0353ms with message '"Server is still starting up."'
[2026-04-10 19:48:30.905 -07:00] [INF] [9] Emby.Server.Implementations.Plugins.PluginManager: Loaded plugin: "TMDb" "10.11.8.0"
[2026-04-10 19:48:30.906 -07:00] [INF] [9] Emby.Server.Implementations.Plugins.PluginManager: Loaded plugin: "Studio Images" "10.11.8.0"
[2026-04-10 19:48:30.906 -07:00] [INF] [9] Emby.Server.Implementations.Plugins.PluginManager: Loaded plugin: "OMDb" "10.11.8.0"
[2026-04-10 19:48:30.919 -07:00] [INF] [9] Emby.Server.Implementations.Plugins.PluginManager: Loaded plugin: "MusicBrainz" "10.11.8.0"
[2026-04-10 19:48:30.920 -07:00] [INF] [9] Emby.Server.Implementations.Plugins.PluginManager: Loaded plugin: "AudioDB" "10.11.8.0"
[2026-04-10 19:48:30.988 -07:00] [INF] [9] Jellyfin.Server.Migrations.JellyfinMigrationService: There are 0 migrations for stage AppInitialisation.
[2026-04-10 19:48:31.022 -07:00] [INF] [9] Main: Kestrel is listening on "all interfaces"
[2026-04-10 19:48:31.633 -07:00] [WRN] [9] Microsoft.AspNetCore.StaticFiles.StaticFileMiddleware: The WebRootPath was not found: "/run/s6-rc:s6-rc-init:bOggin/servicedirs/svc-jellyfin/wwwroot". Static files may be unavailable.
[2026-04-10 19:48:31.703 -07:00] [INF] [9] Emby.Server.Implementations.ApplicationHost: Running startup tasks
[2026-04-10 19:48:31.714 -07:00] [INF] [9] Emby.Server.Implementations.ScheduledTasks.TaskManager: Daily trigger for "Generate Trickplay Images" set to fire at 2026-04-11 03:00:00.000 -07:00, which is 07:11:28.2857991 from now.
[2026-04-10 19:48:31.720 -07:00] [INF] [9] Emby.Server.Implementations.ScheduledTasks.TaskManager: Daily trigger for "Extract Chapter Images" set to fire at 2026-04-11 02:00:00.000 -07:00, which is 06:11:28.2798186 from now.
[2026-04-10 19:48:31.858 -07:00] [INF] [9] MediaBrowser.MediaEncoding.Encoder.MediaEncoder: Found ffmpeg version "7.1.3"
[2026-04-10 19:48:31.898 -07:00] [INF] [9] MediaBrowser.MediaEncoding.Encoder.MediaEncoder: Available "decoders": ["libdav1d", "av1", "av1_cuvid", "av1_qsv", "h264", "h264_qsv", "h264_cuvid", "hevc", "hevc_qsv", "hevc_cuvid", "mpeg2video", "mpeg2_qsv", "mpeg2_cuvid", "mpeg4", "mpeg4_cuvid", "msmpeg4", "vc1_qsv", "vc1_cuvid", "vp8", "libvpx", "vp8_cuvid", "vp8_qsv", "vp9", "libvpx-vp9", "vp9_cuvid", "vp9_qsv", "aac", "ac3", "ac4", "dca", "flac", "mp3", "truehd"]
[2026-04-10 19:48:31.915 -07:00] [INF] [9] MediaBrowser.MediaEncoding.Encoder.MediaEncoder: Available "encoders": ["libsvtav1", "av1_nvenc", "av1_qsv", "av1_amf", "av1_vaapi", "libx264", "h264_amf", "h264_nvenc", "h264_qsv", "h264_v4l2m2m", "h264_vaapi", "libx265", "hevc_amf", "hevc_nvenc", "hevc_qsv", "hevc_vaapi", "mjpeg_qsv", "mjpeg_vaapi", "aac", "libfdk_aac", "ac3", "alac", "dca", "flac", "libmp3lame", "libopus", "truehd", "libvorbis", "srt"]
[2026-04-10 19:48:31.932 -07:00] [INF] [9] MediaBrowser.MediaEncoding.Encoder.MediaEncoder: Available filters: ["bwdif_cuda", "bwdif_opencl", "deinterlace_qsv", "deinterlace_vaapi", "flip_vulkan", "hwupload_cuda", "hwupload_vaapi", "libplacebo", "overlay_opencl", "overlay_qsv", "overlay_vaapi", "overlay_vulkan", "overlay_cuda", "procamp_vaapi", "scale_cuda", "scale_opencl", "scale_qsv", "scale_vaapi", "scale_vulkan", "tonemapx", "tonemap_cuda", "tonemap_opencl", "tonemap_vaapi", "transpose_cuda", "transpose_opencl", "transpose_vaapi", "transpose_vulkan", "vpp_qsv", "yadif_cuda", "yadif_opencl", "zscale", "alphasrc"]
[2026-04-10 19:48:32.162 -07:00] [INF] [9] MediaBrowser.MediaEncoding.Encoder.MediaEncoder: Available hwaccel types: ["cuda", "vaapi", "qsv", "drm", "opencl", "vulkan"]
[2026-04-10 19:48:34.740 -07:00] [INF] [16] Emby.Server.Implementations.ScheduledTasks.TaskManager: "Clean up collections and playlists" Completed after 0 minute(s) and 0 seconds
[2026-04-10 19:48:34.769 -07:00] [INF] [7] Emby.Server.Implementations.ScheduledTasks.TaskManager: "Clean Transcode Directory" Completed after 0 minute(s) and 0 seconds
[2026-04-10 19:48:36.517 -07:00] [INF] [7] Emby.Server.Implementations.ScheduledTasks.TaskManager: "Update Plugins" Completed after 0 minute(s) and 1 seconds
[2026-04-10 19:48:42.134 -07:00] [INF] [9] MediaBrowser.MediaEncoding.Encoder.MediaEncoder: FFmpeg: "/usr/lib/jellyfin-ffmpeg/ffmpeg"
[2026-04-10 19:48:42.138 -07:00] [INF] [9] Emby.Server.Implementations.ApplicationHost: ServerId: "fa2f85615b584a248e33dc09bf3d8e4e"
[2026-04-10 19:48:42.138 -07:00] [INF] [9] Emby.Server.Implementations.ApplicationHost: Core startup complete
[2026-04-10 19:48:42.139 -07:00] [INF] [9] Main: Startup complete 0:00:14.2585816
[2026-04-10 20:41:15.676 -07:00] [INF] [25] Emby.Server.Implementations.Session.SessionManager: Sending shutdown notifications
[2026-04-10 20:41:15.686 -07:00] [INF] [27] Main: Running query planner optimizations in the database... This might take a while
[2026-04-10 20:41:15.788 -07:00] [INF] [27] Emby.Server.Implementations.ApplicationHost: Disposing "CoreAppHost"
[2026-04-10 20:41:15.788 -07:00] [INF] [27] Emby.Server.Implementations.ApplicationHost: Disposing "MusicBrainzArtistProvider"
[2026-04-10 20:41:15.789 -07:00] [INF] [27] Emby.Server.Implementations.ApplicationHost: Disposing "MusicBrainzAlbumProvider"
[2026-04-10 20:41:15.789 -07:00] [INF] [27] Emby.Server.Implementations.ApplicationHost: Disposing "PluginManager"
[2026-04-10 20:54:41.450 -07:00] [INF] [1] Emby.Server.Implementations.AppBase.BaseConfigurationManager: Setting cache path: "/config/cache"
[2026-04-10 20:54:42.014 -07:00] [INF] [7] Jellyfin.Server.ServerSetupApp.SetupServer: Kestrel is listening on "all interfaces"
[2026-04-10 20:54:42.236 -07:00] [INF] [7] Main: Jellyfin version: "10.11.8"
[2026-04-10 20:54:42.239 -07:00] [INF] [7] Main: Environment Variables: ["[JELLYFIN_DATA_DIR, /config/data]", "[JELLYFIN_CONFIG_DIR, /config]", "[JELLYFIN_BASE_URL, http://localhost:8096]", "[JELLYFIN_LOG_DIR, /config/log]", "[JELLYFIN_WEB_DIR, /usr/share/jellyfin/web]", "[JELLYFIN_CACHE_DIR, /config/cache]", "[JELLYFIN_PublishedServerUrl, http://localhost:8096]"]
[2026-04-10 20:54:42.241 -07:00] [INF] [7] Main: Arguments: ["/usr/lib/jellyfin/bin/jellyfin.dll", "--ffmpeg=/usr/lib/jellyfin-ffmpeg/ffmpeg"]
[2026-04-10 20:54:42.302 -07:00] [INF] [7] Main: Operating system: "Ubuntu 24.04.4 LTS"
[2026-04-10 20:54:42.303 -07:00] [INF] [7] Main: Architecture: X64
[2026-04-10 20:54:42.303 -07:00] [INF] [7] Main: 64-Bit Process: True
[2026-04-10 20:54:42.303 -07:00] [INF] [7] Main: User Interactive: True
[2026-04-10 20:54:42.303 -07:00] [INF] [7] Main: Processor count: 16
[2026-04-10 20:54:42.303 -07:00] [INF] [7] Main: Program data path: "/config/data"
[2026-04-10 20:54:42.303 -07:00] [INF] [7] Main: Log directory path: "/config/log"
[2026-04-10 20:54:42.303 -07:00] [INF] [7] Main: Config directory path: "/config"
[2026-04-10 20:54:42.303 -07:00] [INF] [7] Main: Cache path: "/config/cache"
[2026-04-10 20:54:42.304 -07:00] [INF] [7] Main: Temp directory path: "/tmp/jellyfin"
[2026-04-10 20:54:42.304 -07:00] [INF] [7] Main: Web resources path: "/usr/share/jellyfin/web"
[2026-04-10 20:54:42.304 -07:00] [INF] [7] Main: Application directory: "/usr/lib/jellyfin/bin/"
[2026-04-10 20:54:42.518 -07:00] [INF] [7] Jellyfin.Server.Startup: Storage path `"/config/data/data"` (Fixed) successfully checked with "145.9GiB" free which is over the minimum of "2GiB".
[2026-04-10 20:54:42.522 -07:00] [INF] [7] Jellyfin.Server.Startup: Storage path `"/config/cache"` (Fixed) successfully checked with "145.9GiB" free which is over the minimum of "2GiB".
[2026-04-10 20:54:42.525 -07:00] [INF] [7] Jellyfin.Server.Startup: Storage path `"/config/data"` (Fixed) successfully checked with "145.9GiB" free which is over the minimum of "2GiB".
[2026-04-10 20:54:42.531 -07:00] [INF] [7] Emby.Server.Implementations.AppBase.BaseConfigurationManager: Setting cache path: "/config/cache"
[2026-04-10 20:54:42.544 -07:00] [WRN] [10] Microsoft.Extensions.Diagnostics.HealthChecks.DefaultHealthCheckService: Health check "StartupCheck" with status Degraded completed after 0.8359ms with message '"Server is still starting up."'
[2026-04-10 20:54:42.620 -07:00] [INF] [7] Jellyfin.Database.Providers.Sqlite.SqliteDatabaseProvider: SQLite connection string: "Data Source=/config/data/data/jellyfin.db;Cache=Default;Default Timeout=30;Pooling=True"
[2026-04-10 20:54:42.628 -07:00] [INF] [7] Jellyfin.Database.Providers.Sqlite.SqliteDatabaseProvider: SQLITE connection pragma command set to: 
"PRAGMA locking_mode=NORMAL;
PRAGMA journal_size_limit=134217728;
PRAGMA synchronous=1;
PRAGMA temp_store=2;
"
[2026-04-10 20:54:42.629 -07:00] [INF] [7] Jellyfin.Database.Implementations.Locking.NoLockBehavior: The database locking mode has been set to: NoLock.
[2026-04-10 20:54:42.667 -07:00] [INF] [7] Jellyfin.Server.Migrations.JellyfinMigrationService: Initialise Migration service.
[2026-04-10 20:54:42.671 -07:00] [INF] [7] Jellyfin.Server.Migrations.JellyfinMigrationService: System initialisation detected. Seed data.
[2026-04-10 20:54:43.573 -07:00] [WRN] [14] Microsoft.Extensions.Diagnostics.HealthChecks.DefaultHealthCheckService: Health check "StartupCheck" with status Degraded completed after 0.0544ms with message '"Server is still starting up."'
[2026-04-10 20:54:43.659 -07:00] [INF] [7] Jellyfin.Server.Migrations.JellyfinMigrationService: Migration system initialisation completed.
[2026-04-10 20:54:43.671 -07:00] [INF] [7] Jellyfin.Server.Migrations.JellyfinMigrationService: There are 0 migrations for stage PreInitialisation.
[2026-04-10 20:54:43.679 -07:00] [INF] [7] Emby.Server.Implementations.AppBase.BaseConfigurationManager: Setting cache path: "/config/cache"
[2026-04-10 20:54:43.745 -07:00] [INF] [7] Emby.Server.Implementations.ApplicationHost: Loading assemblies
[2026-04-10 20:54:43.788 -07:00] [INF] [7] Jellyfin.Networking.Manager.NetworkManager: Defined LAN subnets: ["::1/128", "fe80::/10", "fc00::/7", "127.0.0.1/8", "10.0.0.0/8", "172.16.0.0/12", "192.168.0.0/16"]
[2026-04-10 20:54:43.788 -07:00] [INF] [7] Jellyfin.Networking.Manager.NetworkManager: Defined LAN exclusions: []
[2026-04-10 20:54:43.788 -07:00] [INF] [7] Jellyfin.Networking.Manager.NetworkManager: Used LAN subnets: ["::1/128", "fe80::/10", "fc00::/7", "127.0.0.1/8", "10.0.0.0/8", "172.16.0.0/12", "192.168.0.0/16"]
[2026-04-10 20:54:43.789 -07:00] [INF] [7] Jellyfin.Networking.Manager.NetworkManager: Filtered interface addresses: []
[2026-04-10 20:54:43.790 -07:00] [INF] [7] Jellyfin.Networking.Manager.NetworkManager: Bind Addresses ["::"]
[2026-04-10 20:54:43.790 -07:00] [INF] [7] Jellyfin.Networking.Manager.NetworkManager: Remote IP filter is "Allowlist"
[2026-04-10 20:54:43.790 -07:00] [INF] [7] Jellyfin.Networking.Manager.NetworkManager: Filtered subnets: []
[2026-04-10 20:54:43.912 -07:00] [INF] [7] Jellyfin.Database.Providers.Sqlite.SqliteDatabaseProvider: SQLite connection string: "Data Source=/config/data/data/jellyfin.db;Cache=Default;Default Timeout=30;Pooling=True"
[2026-04-10 20:54:43.912 -07:00] [INF] [7] Jellyfin.Database.Providers.Sqlite.SqliteDatabaseProvider: SQLITE connection pragma command set to: 
"PRAGMA locking_mode=NORMAL;
PRAGMA journal_size_limit=134217728;
PRAGMA synchronous=1;
PRAGMA temp_store=2;
"
[2026-04-10 20:54:43.912 -07:00] [INF] [7] Jellyfin.Database.Implementations.Locking.NoLockBehavior: The database locking mode has been set to: NoLock.
[2026-04-10 20:54:43.916 -07:00] [INF] [7] Main: Prepare system for possible migrations
[2026-04-10 20:54:43.966 -07:00] [INF] [7] Jellyfin.Server.Migrations.JellyfinMigrationService: There are 0 migrations for stage CoreInitialisation.
[2026-04-10 20:54:44.365 -07:00] [INF] [7] Emby.Server.Implementations.Plugins.PluginManager: Loaded plugin: "TMDb" "10.11.8.0"
[2026-04-10 20:54:44.365 -07:00] [INF] [7] Emby.Server.Implementations.Plugins.PluginManager: Loaded plugin: "Studio Images" "10.11.8.0"
[2026-04-10 20:54:44.366 -07:00] [INF] [7] Emby.Server.Implementations.Plugins.PluginManager: Loaded plugin: "OMDb" "10.11.8.0"
[2026-04-10 20:54:44.380 -07:00] [INF] [7] Emby.Server.Implementations.Plugins.PluginManager: Loaded plugin: "MusicBrainz" "10.11.8.0"
[2026-04-10 20:54:44.380 -07:00] [INF] [7] Emby.Server.Implementations.Plugins.PluginManager: Loaded plugin: "AudioDB" "10.11.8.0"
[2026-04-10 20:54:44.444 -07:00] [INF] [7] Jellyfin.Server.Migrations.JellyfinMigrationService: There are 0 migrations for stage AppInitialisation.
[2026-04-10 20:54:44.479 -07:00] [INF] [14] Main: Kestrel is listening on "all interfaces"
[2026-04-10 20:54:45.145 -07:00] [WRN] [14] Microsoft.AspNetCore.StaticFiles.StaticFileMiddleware: The WebRootPath was not found: "/run/s6-rc:s6-rc-init:OImMmh/servicedirs/svc-jellyfin/wwwroot". Static files may be unavailable.
[2026-04-10 20:54:45.223 -07:00] [INF] [14] Emby.Server.Implementations.ApplicationHost: Running startup tasks
[2026-04-10 20:54:45.234 -07:00] [INF] [14] Emby.Server.Implementations.ScheduledTasks.TaskManager: Daily trigger for "Generate Trickplay Images" set to fire at 2026-04-11 03:00:00.000 -07:00, which is 06:05:14.7655747 from now.
[2026-04-10 20:54:45.242 -07:00] [INF] [14] Emby.Server.Implementations.ScheduledTasks.TaskManager: Daily trigger for "Extract Chapter Images" set to fire at 2026-04-11 02:00:00.000 -07:00, which is 05:05:14.7572452 from now.
[2026-04-10 20:54:45.389 -07:00] [INF] [14] MediaBrowser.MediaEncoding.Encoder.MediaEncoder: Found ffmpeg version "7.1.3"
[2026-04-10 20:54:45.434 -07:00] [INF] [14] MediaBrowser.MediaEncoding.Encoder.MediaEncoder: Available "decoders": ["libdav1d", "av1", "av1_cuvid", "av1_qsv", "h264", "h264_qsv", "h264_cuvid", "hevc", "hevc_qsv", "hevc_cuvid", "mpeg2video", "mpeg2_qsv", "mpeg2_cuvid", "mpeg4", "mpeg4_cuvid", "msmpeg4", "vc1_qsv", "vc1_cuvid", "vp8", "libvpx", "vp8_cuvid", "vp8_qsv", "vp9", "libvpx-vp9", "vp9_cuvid", "vp9_qsv", "aac", "ac3", "ac4", "dca", "flac", "mp3", "truehd"]
[2026-04-10 20:54:45.451 -07:00] [INF] [14] MediaBrowser.MediaEncoding.Encoder.MediaEncoder: Available "encoders": ["libsvtav1", "av1_nvenc", "av1_qsv", "av1_amf", "av1_vaapi", "libx264", "h264_amf", "h264_nvenc", "h264_qsv", "h264_v4l2m2m", "h264_vaapi", "libx265", "hevc_amf", "hevc_nvenc", "hevc_qsv", "hevc_vaapi", "mjpeg_qsv", "mjpeg_vaapi", "aac", "libfdk_aac", "ac3", "alac", "dca", "flac", "libmp3lame", "libopus", "truehd", "libvorbis", "srt"]
[2026-04-10 20:54:45.477 -07:00] [INF] [14] MediaBrowser.MediaEncoding.Encoder.MediaEncoder: Available filters: ["bwdif_cuda", "bwdif_opencl", "deinterlace_qsv", "deinterlace_vaapi", "flip_vulkan", "hwupload_cuda", "hwupload_vaapi", "libplacebo", "overlay_opencl", "overlay_qsv", "overlay_vaapi", "overlay_vulkan", "overlay_cuda", "procamp_vaapi", "scale_cuda", "scale_opencl", "scale_qsv", "scale_vaapi", "scale_vulkan", "tonemapx", "tonemap_cuda", "tonemap_opencl", "tonemap_vaapi", "transpose_cuda", "transpose_opencl", "transpose_vaapi", "transpose_vulkan", "vpp_qsv", "yadif_cuda", "yadif_opencl", "zscale", "alphasrc"]
[2026-04-10 20:54:45.718 -07:00] [INF] [14] MediaBrowser.MediaEncoding.Encoder.MediaEncoder: Available hwaccel types: ["cuda", "vaapi", "qsv", "drm", "opencl", "vulkan"]
[2026-04-10 20:54:48.265 -07:00] [INF] [7] Emby.Server.Implementations.ScheduledTasks.TaskManager: "Clean up collections and playlists" Completed after 0 minute(s) and 0 seconds
[2026-04-10 20:54:48.303 -07:00] [INF] [10] Emby.Server.Implementations.ScheduledTasks.TaskManager: "Clean Transcode Directory" Completed after 0 minute(s) and 0 seconds
[2026-04-10 20:54:55.085 -07:00] [INF] [14] MediaBrowser.MediaEncoding.Encoder.MediaEncoder: FFmpeg: "/usr/lib/jellyfin-ffmpeg/ffmpeg"
[2026-04-10 20:54:55.088 -07:00] [INF] [14] Emby.Server.Implementations.ApplicationHost: ServerId: "fa2f85615b584a248e33dc09bf3d8e4e"
[2026-04-10 20:54:55.088 -07:00] [INF] [14] Emby.Server.Implementations.ApplicationHost: Core startup complete
[2026-04-10 20:54:55.088 -07:00] [INF] [14] Main: Startup complete 0:00:16.5448729
[2026-04-10 20:54:58.348 -07:00] [INF] [14] Emby.Server.Implementations.ScheduledTasks.TaskManager: "Update Plugins" Completed after 0 minute(s) and 10 seconds
[2026-04-10 21:04:10.194 -07:00] [INF] [23] Emby.Server.Implementations.Session.SessionManager: Sending shutdown notifications
[2026-04-10 21:04:10.216 -07:00] [INF] [20] Main: Running query planner optimizations in the database... This might take a while
[2026-04-10 21:04:10.329 -07:00] [INF] [20] Emby.Server.Implementations.ApplicationHost: Disposing "CoreAppHost"
[2026-04-10 21:04:10.329 -07:00] [INF] [20] Emby.Server.Implementations.ApplicationHost: Disposing "MusicBrainzArtistProvider"
[2026-04-10 21:04:10.329 -07:00] [INF] [20] Emby.Server.Implementations.ApplicationHost: Disposing "MusicBrainzAlbumProvider"
[2026-04-10 21:04:10.330 -07:00] [INF] [20] Emby.Server.Implementations.ApplicationHost: Disposing "PluginManager"
[2026-04-10 21:29:40.367 -07:00] [INF] [1] Emby.Server.Implementations.AppBase.BaseConfigurationManager: Setting cache path: "/config/cache"
[2026-04-10 21:29:40.626 -07:00] [INF] [10] Jellyfin.Server.ServerSetupApp.SetupServer: Kestrel is listening on "all interfaces"
[2026-04-10 21:29:40.654 -07:00] [INF] [10] Main: Jellyfin version: "10.11.8"
[2026-04-10 21:29:40.657 -07:00] [INF] [10] Main: Environment Variables: ["[JELLYFIN_BASE_URL, http://localhost:8096]", "[JELLYFIN_CACHE_DIR, /config/cache]", "[JELLYFIN_LOG_DIR, /config/log]", "[JELLYFIN_WEB_DIR, /usr/share/jellyfin/web]", "[JELLYFIN_DATA_DIR, /config/data]", "[JELLYFIN_PublishedServerUrl, http://localhost:8096]", "[JELLYFIN_CONFIG_DIR, /config]"]
[2026-04-10 21:29:40.659 -07:00] [INF] [10] Main: Arguments: ["/usr/lib/jellyfin/bin/jellyfin.dll", "--ffmpeg=/usr/lib/jellyfin-ffmpeg/ffmpeg"]
[2026-04-10 21:29:40.659 -07:00] [INF] [10] Main: Operating system: "Ubuntu 24.04.4 LTS"
[2026-04-10 21:29:40.659 -07:00] [INF] [10] Main: Architecture: X64
[2026-04-10 21:29:40.660 -07:00] [INF] [10] Main: 64-Bit Process: True
[2026-04-10 21:29:40.660 -07:00] [INF] [10] Main: User Interactive: True
[2026-04-10 21:29:40.660 -07:00] [INF] [10] Main: Processor count: 16
[2026-04-10 21:29:40.660 -07:00] [INF] [10] Main: Program data path: "/config/data"
[2026-04-10 21:29:40.660 -07:00] [INF] [10] Main: Log directory path: "/config/log"
[2026-04-10 21:29:40.660 -07:00] [INF] [10] Main: Config directory path: "/config"
[2026-04-10 21:29:40.660 -07:00] [INF] [10] Main: Cache path: "/config/cache"
[2026-04-10 21:29:40.660 -07:00] [INF] [10] Main: Temp directory path: "/tmp/jellyfin"
[2026-04-10 21:29:40.660 -07:00] [INF] [10] Main: Web resources path: "/usr/share/jellyfin/web"
[2026-04-10 21:29:40.661 -07:00] [INF] [10] Main: Application directory: "/usr/lib/jellyfin/bin/"
[2026-04-10 21:29:40.682 -07:00] [INF] [10] Jellyfin.Server.Startup: Storage path `"/config/data/data"` (Fixed) successfully checked with "139.5GiB" free which is over the minimum of "2GiB".
[2026-04-10 21:29:40.686 -07:00] [INF] [10] Jellyfin.Server.Startup: Storage path `"/config/cache"` (Fixed) successfully checked with "139.5GiB" free which is over the minimum of "2GiB".
[2026-04-10 21:29:40.689 -07:00] [INF] [10] Jellyfin.Server.Startup: Storage path `"/config/data"` (Fixed) successfully checked with "139.5GiB" free which is over the minimum of "2GiB".
[2026-04-10 21:29:40.695 -07:00] [INF] [10] Emby.Server.Implementations.AppBase.BaseConfigurationManager: Setting cache path: "/config/cache"
[2026-04-10 21:29:40.781 -07:00] [INF] [10] Jellyfin.Database.Providers.Sqlite.SqliteDatabaseProvider: SQLite connection string: "Data Source=/config/data/data/jellyfin.db;Cache=Default;Default Timeout=30;Pooling=True"
[2026-04-10 21:29:40.787 -07:00] [INF] [10] Jellyfin.Database.Providers.Sqlite.SqliteDatabaseProvider: SQLITE connection pragma command set to: 
"PRAGMA locking_mode=NORMAL;
PRAGMA journal_size_limit=134217728;
PRAGMA synchronous=1;
PRAGMA temp_store=2;
"
[2026-04-10 21:29:40.788 -07:00] [INF] [10] Jellyfin.Database.Implementations.Locking.NoLockBehavior: The database locking mode has been set to: NoLock.
[2026-04-10 21:29:40.827 -07:00] [INF] [10] Jellyfin.Server.Migrations.JellyfinMigrationService: Initialise Migration service.
[2026-04-10 21:29:40.831 -07:00] [INF] [10] Jellyfin.Server.Migrations.JellyfinMigrationService: System initialisation detected. Seed data.
[2026-04-10 21:29:40.873 -07:00] [WRN] [9] Microsoft.Extensions.Diagnostics.HealthChecks.DefaultHealthCheckService: Health check "StartupCheck" with status Degraded completed after 0.816ms with message '"Server is still starting up."'
[2026-04-10 21:29:41.793 -07:00] [INF] [10] Jellyfin.Server.Migrations.JellyfinMigrationService: Migration system initialisation completed.
[2026-04-10 21:29:41.806 -07:00] [INF] [10] Jellyfin.Server.Migrations.JellyfinMigrationService: There are 0 migrations for stage PreInitialisation.
[2026-04-10 21:29:41.814 -07:00] [INF] [10] Emby.Server.Implementations.AppBase.BaseConfigurationManager: Setting cache path: "/config/cache"
[2026-04-10 21:29:41.887 -07:00] [INF] [10] Emby.Server.Implementations.ApplicationHost: Loading assemblies
[2026-04-10 21:29:41.902 -07:00] [WRN] [9] Microsoft.Extensions.Diagnostics.HealthChecks.DefaultHealthCheckService: Health check "StartupCheck" with status Degraded completed after 0.0891ms with message '"Server is still starting up."'
[2026-04-10 21:29:41.936 -07:00] [INF] [10] Jellyfin.Networking.Manager.NetworkManager: Defined LAN subnets: ["::1/128", "fe80::/10", "fc00::/7", "127.0.0.1/8", "10.0.0.0/8", "172.16.0.0/12", "192.168.0.0/16"]
[2026-04-10 21:29:41.936 -07:00] [INF] [10] Jellyfin.Networking.Manager.NetworkManager: Defined LAN exclusions: []
[2026-04-10 21:29:41.936 -07:00] [INF] [10] Jellyfin.Networking.Manager.NetworkManager: Used LAN subnets: ["::1/128", "fe80::/10", "fc00::/7", "127.0.0.1/8", "10.0.0.0/8", "172.16.0.0/12", "192.168.0.0/16"]
[2026-04-10 21:29:41.937 -07:00] [INF] [10] Jellyfin.Networking.Manager.NetworkManager: Filtered interface addresses: []
[2026-04-10 21:29:41.938 -07:00] [INF] [10] Jellyfin.Networking.Manager.NetworkManager: Bind Addresses ["::"]
[2026-04-10 21:29:41.938 -07:00] [INF] [10] Jellyfin.Networking.Manager.NetworkManager: Remote IP filter is "Allowlist"
[2026-04-10 21:29:41.938 -07:00] [INF] [10] Jellyfin.Networking.Manager.NetworkManager: Filtered subnets: []
[2026-04-10 21:29:42.062 -07:00] [INF] [10] Jellyfin.Database.Providers.Sqlite.SqliteDatabaseProvider: SQLite connection string: "Data Source=/config/data/data/jellyfin.db;Cache=Default;Default Timeout=30;Pooling=True"
[2026-04-10 21:29:42.063 -07:00] [INF] [10] Jellyfin.Database.Providers.Sqlite.SqliteDatabaseProvider: SQLITE connection pragma command set to: 
"PRAGMA locking_mode=NORMAL;
PRAGMA journal_size_limit=134217728;
PRAGMA synchronous=1;
PRAGMA temp_store=2;
"
[2026-04-10 21:29:42.063 -07:00] [INF] [10] Jellyfin.Database.Implementations.Locking.NoLockBehavior: The database locking mode has been set to: NoLock.
[2026-04-10 21:29:42.067 -07:00] [INF] [10] Main: Prepare system for possible migrations
[2026-04-10 21:29:42.118 -07:00] [INF] [10] Jellyfin.Server.Migrations.JellyfinMigrationService: There are 0 migrations for stage CoreInitialisation.
[2026-04-10 21:29:42.511 -07:00] [INF] [10] Emby.Server.Implementations.Plugins.PluginManager: Loaded plugin: "TMDb" "10.11.8.0"
[2026-04-10 21:29:42.511 -07:00] [INF] [10] Emby.Server.Implementations.Plugins.PluginManager: Loaded plugin: "Studio Images" "10.11.8.0"
[2026-04-10 21:29:42.512 -07:00] [INF] [10] Emby.Server.Implementations.Plugins.PluginManager: Loaded plugin: "OMDb" "10.11.8.0"
[2026-04-10 21:29:42.525 -07:00] [INF] [10] Emby.Server.Implementations.Plugins.PluginManager: Loaded plugin: "MusicBrainz" "10.11.8.0"
[2026-04-10 21:29:42.526 -07:00] [INF] [10] Emby.Server.Implementations.Plugins.PluginManager: Loaded plugin: "AudioDB" "10.11.8.0"
[2026-04-10 21:29:42.590 -07:00] [INF] [10] Jellyfin.Server.Migrations.JellyfinMigrationService: There are 0 migrations for stage AppInitialisation.
[2026-04-10 21:29:42.622 -07:00] [INF] [9] Main: Kestrel is listening on "all interfaces"
[2026-04-10 21:29:43.235 -07:00] [WRN] [9] Microsoft.AspNetCore.StaticFiles.StaticFileMiddleware: The WebRootPath was not found: "/run/s6-rc:s6-rc-init:lLpfDF/servicedirs/svc-jellyfin/wwwroot". Static files may be unavailable.
[2026-04-10 21:29:43.301 -07:00] [INF] [9] Emby.Server.Implementations.ApplicationHost: Running startup tasks
[2026-04-10 21:29:43.311 -07:00] [INF] [9] Emby.Server.Implementations.ScheduledTasks.TaskManager: Daily trigger for "Generate Trickplay Images" set to fire at 2026-04-11 03:00:00.000 -07:00, which is 05:30:16.6888631 from now.
[2026-04-10 21:29:43.317 -07:00] [INF] [9] Emby.Server.Implementations.ScheduledTasks.TaskManager: Daily trigger for "Extract Chapter Images" set to fire at 2026-04-11 02:00:00.000 -07:00, which is 04:30:16.6827867 from now.
[2026-04-10 21:29:43.447 -07:00] [INF] [9] MediaBrowser.MediaEncoding.Encoder.MediaEncoder: Found ffmpeg version "7.1.3"
[2026-04-10 21:29:43.487 -07:00] [INF] [9] MediaBrowser.MediaEncoding.Encoder.MediaEncoder: Available "decoders": ["libdav1d", "av1", "av1_cuvid", "av1_qsv", "h264", "h264_qsv", "h264_cuvid", "hevc", "hevc_qsv", "hevc_cuvid", "mpeg2video", "mpeg2_qsv", "mpeg2_cuvid", "mpeg4", "mpeg4_cuvid", "msmpeg4", "vc1_qsv", "vc1_cuvid", "vp8", "libvpx", "vp8_cuvid", "vp8_qsv", "vp9", "libvpx-vp9", "vp9_cuvid", "vp9_qsv", "aac", "ac3", "ac4", "dca", "flac", "mp3", "truehd"]
[2026-04-10 21:29:43.502 -07:00] [INF] [9] MediaBrowser.MediaEncoding.Encoder.MediaEncoder: Available "encoders": ["libsvtav1", "av1_nvenc", "av1_qsv", "av1_amf", "av1_vaapi", "libx264", "h264_amf", "h264_nvenc", "h264_qsv", "h264_v4l2m2m", "h264_vaapi", "libx265", "hevc_amf", "hevc_nvenc", "hevc_qsv", "hevc_vaapi", "mjpeg_qsv", "mjpeg_vaapi", "aac", "libfdk_aac", "ac3", "alac", "dca", "flac", "libmp3lame", "libopus", "truehd", "libvorbis", "srt"]
[2026-04-10 21:29:43.519 -07:00] [INF] [9] MediaBrowser.MediaEncoding.Encoder.MediaEncoder: Available filters: ["bwdif_cuda", "bwdif_opencl", "deinterlace_qsv", "deinterlace_vaapi", "flip_vulkan", "hwupload_cuda", "hwupload_vaapi", "libplacebo", "overlay_opencl", "overlay_qsv", "overlay_vaapi", "overlay_vulkan", "overlay_cuda", "procamp_vaapi", "scale_cuda", "scale_opencl", "scale_qsv", "scale_vaapi", "scale_vulkan", "tonemapx", "tonemap_cuda", "tonemap_opencl", "tonemap_vaapi", "transpose_cuda", "transpose_opencl", "transpose_vaapi", "transpose_vulkan", "vpp_qsv", "yadif_cuda", "yadif_opencl", "zscale", "alphasrc"]
[2026-04-10 21:29:43.746 -07:00] [INF] [9] MediaBrowser.MediaEncoding.Encoder.MediaEncoder: Available hwaccel types: ["cuda", "vaapi", "qsv", "drm", "opencl", "vulkan"]
[2026-04-10 21:29:46.337 -07:00] [INF] [10] Emby.Server.Implementations.ScheduledTasks.TaskManager: "Clean up collections and playlists" Completed after 0 minute(s) and 0 seconds
[2026-04-10 21:29:46.373 -07:00] [INF] [14] Emby.Server.Implementations.ScheduledTasks.TaskManager: "Clean Transcode Directory" Completed after 0 minute(s) and 0 seconds
[2026-04-10 21:29:47.529 -07:00] [INF] [13] Emby.Server.Implementations.ScheduledTasks.TaskManager: "Update Plugins" Completed after 0 minute(s) and 1 seconds
[2026-04-10 21:29:54.003 -07:00] [INF] [9] MediaBrowser.MediaEncoding.Encoder.MediaEncoder: FFmpeg: "/usr/lib/jellyfin-ffmpeg/ffmpeg"
[2026-04-10 21:29:54.006 -07:00] [INF] [9] Emby.Server.Implementations.ApplicationHost: ServerId: "fa2f85615b584a248e33dc09bf3d8e4e"
[2026-04-10 21:29:54.006 -07:00] [INF] [9] Emby.Server.Implementations.ApplicationHost: Core startup complete
[2026-04-10 21:29:54.006 -07:00] [INF] [9] Main: Startup complete 0:00:14.0439773
[2026-04-10 21:37:03.005 -07:00] [INF] [27] Jellyfin.Api.Auth.CustomAuthenticationHandler: "CustomAuthentication" was not authenticated. Failure message: "Invalid token."
[2026-04-10 21:57:58.035 -07:00] [INF] [35] Emby.Server.Implementations.AppBase.BaseConfigurationManager: Saving system configuration
[2026-04-10 21:57:58.040 -07:00] [INF] [35] Emby.Server.Implementations.AppBase.BaseConfigurationManager: Setting cache path: "/config/cache"
[2026-04-10 21:57:58.077 -07:00] [WRN] [37] Jellyfin.Server.Implementations.Users.UserManager: No users, creating one with username "abc"
[2026-04-10 22:01:55.862 -07:00] [WRN] [30] MediaBrowser.Controller.Entities.BaseItem: Library folder "/media" is inaccessible or empty, skipping
[2026-04-10 22:01:55.872 -07:00] [WRN] [30] MediaBrowser.Controller.Entities.BaseItem: Library folder "/config/data/data/playlists" is inaccessible or empty, skipping
[2026-04-10 22:02:15.030 -07:00] [INF] [23] Emby.Server.Implementations.AppBase.BaseConfigurationManager: Saving system configuration
[2026-04-10 22:02:15.034 -07:00] [INF] [23] Emby.Server.Implementations.AppBase.BaseConfigurationManager: Setting cache path: "/config/cache"
[2026-04-10 22:02:20.753 -07:00] [INF] [26] Jellyfin.Networking.Manager.NetworkManager: Defined LAN subnets: ["::1/128", "fe80::/10", "fc00::/7", "127.0.0.1/8", "10.0.0.0/8", "172.16.0.0/12", "192.168.0.0/16"]
[2026-04-10 22:02:20.753 -07:00] [INF] [26] Jellyfin.Networking.Manager.NetworkManager: Defined LAN exclusions: []
[2026-04-10 22:02:20.753 -07:00] [INF] [26] Jellyfin.Networking.Manager.NetworkManager: Used LAN subnets: ["::1/128", "fe80::/10", "fc00::/7", "127.0.0.1/8", "10.0.0.0/8", "172.16.0.0/12", "192.168.0.0/16"]
[2026-04-10 22:02:20.753 -07:00] [INF] [26] Jellyfin.Networking.Manager.NetworkManager: Filtered interface addresses: []
[2026-04-10 22:02:20.754 -07:00] [INF] [26] Jellyfin.Networking.Manager.NetworkManager: Bind Addresses ["::"]
[2026-04-10 22:02:20.754 -07:00] [INF] [26] Jellyfin.Networking.Manager.NetworkManager: Remote IP filter is "Allowlist"
[2026-04-10 22:02:20.754 -07:00] [INF] [26] Jellyfin.Networking.Manager.NetworkManager: Filtered subnets: []
[2026-04-10 22:02:25.600 -07:00] [INF] [32] Emby.Server.Implementations.AppBase.BaseConfigurationManager: Saving system configuration
[2026-04-10 22:02:25.604 -07:00] [INF] [32] Emby.Server.Implementations.AppBase.BaseConfigurationManager: Setting cache path: "/config/cache"
[2026-04-10 22:02:25.610 -07:00] [INF] [30] Emby.Server.Implementations.Library.LibraryManager: Validating media library
[2026-04-10 22:02:25.658 -07:00] [WRN] [30] MediaBrowser.Controller.Entities.BaseItem: Library folder "/media" is inaccessible or empty, skipping
[2026-04-10 22:02:25.666 -07:00] [WRN] [30] MediaBrowser.Controller.Entities.BaseItem: Library folder "/config/data/data/playlists" is inaccessible or empty, skipping
[2026-04-10 22:02:25.786 -07:00] [WRN] [23] MediaBrowser.Controller.Entities.BaseItem: Library folder "/media" is inaccessible or empty, skipping
[2026-04-10 22:02:25.794 -07:00] [WRN] [23] MediaBrowser.Controller.Entities.BaseItem: Library folder "/config/data/data/playlists" is inaccessible or empty, skipping
[2026-04-10 22:02:26.007 -07:00] [INF] [23] Emby.Server.Implementations.ScheduledTasks.TaskManager: "Scan Media Library" Completed after 0 minute(s) and 0 seconds
[2026-04-10 22:02:51.782 -07:00] [INF] [30] Jellyfin.Server.Implementations.Users.UserManager: Authentication request for "island68240" has succeeded.
[2026-04-10 22:02:51.784 -07:00] [INF] [30] Emby.Server.Implementations.Session.SessionManager: Current/Max sessions for user "island68240": 0/0
[2026-04-10 22:02:51.785 -07:00] [INF] [30] Emby.Server.Implementations.Session.SessionManager: Creating new access token for user dee125cb-c023-4f6c-91b7-372bff1ddc22
[2026-04-10 22:02:51.945 -07:00] [INF] [34] Emby.Server.Implementations.HttpServer.WebSocketManager: WS "::ffff:172.19.0.1" request
[2026-04-10 22:03:07.464 -07:00] [WRN] [27] Microsoft.EntityFrameworkCore.Query: The query uses a row limiting operator ('Skip'/'Take') without an 'OrderBy' operator. This may lead to unpredictable results. If the 'Distinct' operator is used after 'OrderBy', then make sure to use the 'OrderBy' operator after 'Distinct' as the ordering would otherwise get erased.
[2026-04-10 22:05:20.988 -07:00] [WRN] [7] Microsoft.EntityFrameworkCore.Query: Compiling a query which loads related collections for more than one collection navigation, either via 'Include' or through projection, but no 'QuerySplittingBehavior' has been configured. By default, Entity Framework will use 'QuerySplittingBehavior.SingleQuery', which can potentially result in slow query performance. See https://go.microsoft.com/fwlink/?linkid=2134277 for more information. To identify the query that's triggering this warning call 'ConfigureWarnings(w => w.Throw(RelationalEventId.MultipleCollectionIncludeWarning))'.
[2026-04-10 22:09:42.744 -07:00] [INF] [39] Emby.Server.Implementations.AppBase.BaseConfigurationManager: Saving system configuration
[2026-04-10 22:09:42.749 -07:00] [INF] [39] Emby.Server.Implementations.AppBase.BaseConfigurationManager: Setting cache path: "/config/cache"
[2026-04-10 22:11:17.856 -07:00] [INF] [10] Emby.Server.Implementations.Updates.InstallationManager: Plugin "installed": "Open Subtitles" "23.0.0.0"
[2026-04-10 22:11:17.861 -07:00] [INF] [10] Emby.Server.Implementations.ApplicationHost: App needs to be restarted.
[2026-04-10 22:12:48.865 -07:00] [INF] [42] Emby.Server.Implementations.Library.LibraryManager: Validating media library
[2026-04-10 22:12:48.933 -07:00] [WRN] [42] MediaBrowser.Controller.Entities.BaseItem: Library folder "/media" is inaccessible or empty, skipping
[2026-04-10 22:12:48.944 -07:00] [WRN] [42] MediaBrowser.Controller.Entities.BaseItem: Library folder "/config/data/data/playlists" is inaccessible or empty, skipping
[2026-04-10 22:12:49.096 -07:00] [WRN] [49] MediaBrowser.Controller.Entities.BaseItem: Library folder "/media" is inaccessible or empty, skipping
[2026-04-10 22:12:49.107 -07:00] [WRN] [49] MediaBrowser.Controller.Entities.BaseItem: Library folder "/config/data/data/playlists" is inaccessible or empty, skipping
[2026-04-10 22:12:49.121 -07:00] [INF] [49] Emby.Server.Implementations.ScheduledTasks.TaskManager: "Scan Media Library" Completed after 0 minute(s) and 0 seconds
[2026-04-10 22:15:34.812 -07:00] [WRN] [42] MediaBrowser.Controller.Entities.BaseItem: Library folder "/media" is inaccessible or empty, skipping
[2026-04-10 22:15:34.826 -07:00] [WRN] [42] MediaBrowser.Controller.Entities.BaseItem: Library folder "/config/data/data/playlists" is inaccessible or empty, skipping
[2026-04-10 22:15:34.987 -07:00] [INF] [42] Emby.Server.Implementations.Library.LibraryManager: Validating media library
[2026-04-10 22:15:35.046 -07:00] [WRN] [42] MediaBrowser.Controller.Entities.BaseItem: Library folder "/media" is inaccessible or empty, skipping
[2026-04-10 22:15:35.060 -07:00] [WRN] [42] MediaBrowser.Controller.Entities.BaseItem: Library folder "/config/data/data/playlists" is inaccessible or empty, skipping
[2026-04-10 22:15:35.221 -07:00] [WRN] [42] MediaBrowser.Controller.Entities.BaseItem: Library folder "/media" is inaccessible or empty, skipping
[2026-04-10 22:15:35.234 -07:00] [WRN] [42] MediaBrowser.Controller.Entities.BaseItem: Library folder "/config/data/data/playlists" is inaccessible or empty, skipping
[2026-04-10 22:15:35.244 -07:00] [INF] [42] Emby.Server.Implementations.ScheduledTasks.TaskManager: "Scan Media Library" Completed after 0 minute(s) and 0 seconds
[2026-04-10 22:18:26.068 -07:00] [ERR] [37] Jellyfin.Api.Middleware.ExceptionMiddleware: Error processing request: "Could not find a part of the path '/run/s6-rc:s6-rc-init:lLpfDF/servicedirs/svc-jellyfin/D:\Music'". URL "GET" "/Environment/DirectoryContents".
[2026-04-10 22:18:26.071 -07:00] [ERR] [34] Jellyfin.Api.Middleware.ExceptionMiddleware: Error processing request: "The path does not exist". URL "POST" "/Library/VirtualFolders/Paths".
[2026-04-10 22:18:47.409 -07:00] [INF] [20] Emby.Server.Implementations.Library.LibraryManager: Validating media library
[2026-04-10 22:18:47.493 -07:00] [WRN] [20] MediaBrowser.Controller.Entities.BaseItem: Library folder "/config/data/data/playlists" is inaccessible or empty, skipping
[2026-04-10 22:18:47.702 -07:00] [WRN] [34] MediaBrowser.Controller.Entities.BaseItem: Library folder "/config/data/data/playlists" is inaccessible or empty, skipping
[2026-04-10 22:18:47.773 -07:00] [ERR] [20] Emby.Server.Implementations.Library.LibraryManager: Error in "MusicArtistResolver" resolving "/dev"
System.AggregateException: One or more errors occurred. (One or more errors occurred. (Could not find a part of the path '/dev/fd/510'.))
 ---> System.AggregateException: One or more errors occurred. (Could not find a part of the path '/dev/fd/510'.)
 ---> System.IO.DirectoryNotFoundException: Could not find a part of the path '/dev/fd/510'.
   at System.IO.Enumeration.FileSystemEnumerator`1.Init()
   at System.IO.DirectoryInfo.InternalEnumerateInfos(String path, String searchPattern, SearchTarget searchTarget, EnumerationOptions options)
   at MediaBrowser.Controller.Providers.DirectoryService.<>c.<GetFileSystemEntries>b__5_0(String p, IFileSystem fileSystem)
   at MediaBrowser.Controller.Providers.DirectoryService.GetFileSystemEntries(String path)
   at Emby.Server.Implementations.Library.Resolvers.Audio.MusicAlbumResolver.<>c__DisplayClass9_0.<ContainsMusic>b__2(FileSystemMetadata fileSystemInfo, ParallelLoopState state)
   at System.Threading.Tasks.Parallel.<>c__DisplayClass43_0`2.<PartitionerForEachWorker>b__1(IEnumerator& partitionState, Int64 timeout, Boolean& replicationDelegateYieldedBeforeCompletion)
--- End of stack trace from previous location ---
   at System.Threading.Tasks.Parallel.<>c__DisplayClass43_0`2.<PartitionerForEachWorker>b__1(IEnumerator& partitionState, Int64 timeout, Boolean& replicationDelegateYieldedBeforeCompletion)
   at System.Threading.Tasks.TaskReplicator.Replica.Execute()
   --- End of inner exception stack trace ---
   at System.Threading.Tasks.TaskReplicator.Run[TState](ReplicatableUserAction`1 action, ParallelOptions options, Boolean stopOnFirstFailure)
   at System.Threading.Tasks.Parallel.PartitionerForEachWorker[TSource,TLocal](Partitioner`1 source, ParallelOptions parallelOptions, Action`1 simpleBody, Action`2 bodyWithState, Action`3 bodyWithStateAndIndex, Func`4 bodyWithStateAndLocal, Func`5 bodyWithEverything, Func`1 localInit, Action`1 localFinally)
--- End of stack trace from previous location ---
   at System.Threading.Tasks.Parallel.PartitionerForEachWorker[TSource,TLocal](Partitioner`1 source, ParallelOptions parallelOptions, Action`1 simpleBody, Action`2 bodyWithState, Action`3 bodyWithStateAndIndex, Func`4 bodyWithStateAndLocal, Func`5 bodyWithEverything, Func`1 localInit, Action`1 localFinally)
   at System.Threading.Tasks.Parallel.ForEachWorker[TSource,TLocal](IEnumerable`1 source, ParallelOptions parallelOptions, Action`1 body, Action`2 bodyWithState, Action`3 bodyWithStateAndIndex, Func`4 bodyWithStateAndLocal, Func`5 bodyWithEverything, Func`1 localInit, Action`1 localFinally)
   at System.Threading.Tasks.Parallel.ForEach[TSource](IEnumerable`1 source, Action`2 body)
   at Emby.Server.Implementations.Library.Resolvers.Audio.MusicAlbumResolver.ContainsMusic(ICollection`1 list, Boolean allowSubfolders, IDirectoryService directoryService)
   at Emby.Server.Implementations.Library.Resolvers.Audio.MusicAlbumResolver.IsMusicAlbum(String path, IDirectoryService directoryService)
   at Emby.Server.Implementations.Library.Resolvers.Audio.MusicArtistResolver.<>c__DisplayClass6_0.<Resolve>b__1(FileSystemMetadata fileSystemInfo, ParallelLoopState state)
   at System.Threading.Tasks.Parallel.<>c__DisplayClass43_0`2.<PartitionerForEachWorker>b__1(IEnumerator& partitionState, Int64 timeout, Boolean& replicationDelegateYieldedBeforeCompletion)
--- End of stack trace from previous location ---
   at System.Threading.Tasks.Parallel.<>c__DisplayClass43_0`2.<PartitionerForEachWorker>b__1(IEnumerator& partitionState, Int64 timeout, Boolean& replicationDelegateYieldedBeforeCompletion)
   at System.Threading.Tasks.TaskReplicator.Replica.Execute()
   --- End of inner exception stack trace ---
   at System.Threading.Tasks.TaskReplicator.Run[TState](ReplicatableUserAction`1 action, ParallelOptions options, Boolean stopOnFirstFailure)
   at System.Threading.Tasks.Parallel.PartitionerForEachWorker[TSource,TLocal](Partitioner`1 source, ParallelOptions parallelOptions, Action`1 simpleBody, Action`2 bodyWithState, Action`3 bodyWithStateAndIndex, Func`4 bodyWithStateAndLocal, Func`5 bodyWithEverything, Func`1 localInit, Action`1 localFinally)
--- End of stack trace from previous location ---
   at System.Threading.Tasks.Parallel.PartitionerForEachWorker[TSource,TLocal](Partitioner`1 source, ParallelOptions parallelOptions, Action`1 simpleBody, Action`2 bodyWithState, Action`3 bodyWithStateAndIndex, Func`4 bodyWithStateAndLocal, Func`5 bodyWithEverything, Func`1 localInit, Action`1 localFinally)
   at System.Threading.Tasks.Parallel.ForEachWorker[TSource,TLocal](IEnumerable`1 source, ParallelOptions parallelOptions, Action`1 body, Action`2 bodyWithState, Action`3 bodyWithStateAndIndex, Func`4 bodyWithStateAndLocal, Func`5 bodyWithEverything, Func`1 localInit, Action`1 localFinally)
   at System.Threading.Tasks.Parallel.ForEach[TSource](IEnumerable`1 source, Action`2 body)
   at Emby.Server.Implementations.Library.Resolvers.Audio.MusicArtistResolver.Resolve(ItemResolveArgs args)
   at MediaBrowser.Controller.Resolvers.ItemResolver`1.ResolvePath(ItemResolveArgs args)
   at Emby.Server.Implementations.Library.LibraryManager.Resolve(ItemResolveArgs args, IItemResolver resolver)
[2026-04-10 22:18:53.752 -07:00] [ERR] [20] Emby.Server.Implementations.Library.LibraryManager: Error in "MusicArtistResolver" resolving "/dev/fd"
System.AggregateException: One or more errors occurred. (Could not find a part of the path '/dev/fd/528'.)
 ---> System.IO.DirectoryNotFoundException: Could not find a part of the path '/dev/fd/528'.
   at System.IO.Enumeration.FileSystemEnumerator`1.Init()
   at System.IO.DirectoryInfo.InternalEnumerateInfos(String path, String searchPattern, SearchTarget searchTarget, EnumerationOptions options)
   at MediaBrowser.Controller.Providers.DirectoryService.<>c.<GetFileSystemEntries>b__5_0(String p, IFileSystem fileSystem)
   at Emby.Server.Implementations.Library.Resolvers.Audio.MusicArtistResolver.<>c__DisplayClass6_0.<Resolve>b__1(FileSystemMetadata fileSystemInfo, ParallelLoopState state)
   at System.Threading.Tasks.Parallel.<>c__DisplayClass43_0`2.<PartitionerForEachWorker>b__1(IEnumerator& partitionState, Int64 timeout, Boolean& replicationDelegateYieldedBeforeCompletion)
--- End of stack trace from previous location ---
   at System.Threading.Tasks.Parallel.<>c__DisplayClass43_0`2.<PartitionerForEachWorker>b__1(IEnumerator& partitionState, Int64 timeout, Boolean& replicationDelegateYieldedBeforeCompletion)
   at System.Threading.Tasks.TaskReplicator.Replica.Execute()
   --- End of inner exception stack trace ---
   at System.Threading.Tasks.TaskReplicator.Run[TState](ReplicatableUserAction`1 action, ParallelOptions options, Boolean stopOnFirstFailure)
   at System.Threading.Tasks.Parallel.PartitionerForEachWorker[TSource,TLocal](Partitioner`1 source, ParallelOptions parallelOptions, Action`1 simpleBody, Action`2 bodyWithState, Action`3 bodyWithStateAndIndex, Func`4 bodyWithStateAndLocal, Func`5 bodyWithEverything, Func`1 localInit, Action`1 localFinally)
--- End of stack trace from previous location ---
   at System.Threading.Tasks.Parallel.PartitionerForEachWorker[TSource,TLocal](Partitioner`1 source, ParallelOptions parallelOptions, Action`1 simpleBody, Action`2 bodyWithState, Action`3 bodyWithStateAndIndex, Func`4 bodyWithStateAndLocal, Func`5 bodyWithEverything, Func`1 localInit, Action`1 localFinally)
   at Emby.Server.Implementations.Library.Resolvers.Audio.MusicArtistResolver.Resolve(ItemResolveArgs args)
   at MediaBrowser.Controller.Resolvers.ItemResolver`1.ResolvePath(ItemResolveArgs args)
   at Emby.Server.Implementations.Library.LibraryManager.Resolve(ItemResolveArgs args, IItemResolver resolver)
[2026-04-10 22:18:53.752 -07:00] [ERR] [20] Emby.Server.Implementations.Library.LibraryManager: Error in "MusicAlbumResolver" resolving "/dev/fd"
System.AggregateException: One or more errors occurred. (Could not find a part of the path '/dev/fd/528'.)
 ---> System.IO.DirectoryNotFoundException: Could not find a part of the path '/dev/fd/528'.
   at System.IO.Enumeration.FileSystemEnumerator`1.Init()
   at System.IO.DirectoryInfo.InternalEnumerateInfos(String path, String searchPattern, SearchTarget searchTarget, EnumerationOptions options)
   at MediaBrowser.Controller.Providers.DirectoryService.<>c.<GetFileSystemEntries>b__5_0(String p, IFileSystem fileSystem)
   at Emby.Server.Implementations.Library.Resolvers.Audio.MusicAlbumResolver.<>c__DisplayClass9_0.<ContainsMusic>b__2(FileSystemMetadata fileSystemInfo, ParallelLoopState state)
   at System.Threading.Tasks.Parallel.<>c__DisplayClass43_0`2.<PartitionerForEachWorker>b__1(IEnumerator& partitionState, Int64 timeout, Boolean& replicationDelegateYieldedBeforeCompletion)
--- End of stack trace from previous location ---
   at System.Threading.Tasks.Parallel.<>c__DisplayClass43_0`2.<PartitionerForEachWorker>b__1(IEnumerator& partitionState, Int64 timeout, Boolean& replicationDelegateYieldedBeforeCompletion)
   at System.Threading.Tasks.TaskReplicator.Replica.Execute()
   --- End of inner exception stack trace ---
   at System.Threading.Tasks.TaskReplicator.Run[TState](ReplicatableUserAction`1 action, ParallelOptions options, Boolean stopOnFirstFailure)
   at System.Threading.Tasks.Parallel.PartitionerForEachWorker[TSource,TLocal](Partitioner`1 source, ParallelOptions parallelOptions, Action`1 simpleBody, Action`2 bodyWithState, Action`3 bodyWithStateAndIndex, Func`4 bodyWithStateAndLocal, Func`5 bodyWithEverything, Func`1 localInit, Action`1 localFinally)
--- End of stack trace from previous location ---
   at System.Threading.Tasks.Parallel.PartitionerForEachWorker[TSource,TLocal](Partitioner`1 source, ParallelOptions parallelOptions, Action`1 simpleBody, Action`2 bodyWithState, Action`3 bodyWithStateAndIndex, Func`4 bodyWithStateAndLocal, Func`5 bodyWithEverything, Func`1 localInit, Action`1 localFinally)
   at Emby.Server.Implementations.Library.Resolvers.Audio.MusicAlbumResolver.IsMusicAlbum(ItemResolveArgs args)
   at Emby.Server.Implementations.Library.Resolvers.Audio.MusicAlbumResolver.Resolve(ItemResolveArgs args)
   at MediaBrowser.Controller.Resolvers.ItemResolver`1.ResolvePath(ItemResolveArgs args)
   at Emby.Server.Implementations.Library.LibraryManager.Resolve(ItemResolveArgs args, IItemResolver resolver)
[2026-04-10 22:18:53.864 -07:00] [ERR] [20] Emby.Server.Implementations.Library.LibraryManager: Error resolving path "/dev/fd/528"
System.IO.DirectoryNotFoundException: Could not find a part of the path '/dev/fd/528'.
   at System.IO.Enumeration.FileSystemEnumerator`1.Init()
   at System.IO.DirectoryInfo.InternalEnumerateInfos(String path, String searchPattern, SearchTarget searchTarget, EnumerationOptions options)
   at MediaBrowser.Controller.Providers.DirectoryService.<>c.<GetFileSystemEntries>b__5_0(String p, IFileSystem fileSystem)
   at MediaBrowser.Controller.IO.FileData.GetFilteredFileSystemEntries(IDirectoryService directoryService, String path, IFileSystem fileSystem, IServerApplicationHost appHost, ILogger logger, ItemResolveArgs args, Int32 flattenFolderDepth, Boolean resolveShortcuts)
   at Emby.Server.Implementations.Library.LibraryManager.ResolvePath(FileSystemMetadata fileInfo, IDirectoryService directoryService, IItemResolver[] resolvers, Folder parent, Nullable`1 collectionType, LibraryOptions libraryOptions)
   at Emby.Server.Implementations.Library.LibraryManager.ResolveFileList(IReadOnlyList`1 fileList, IDirectoryService directoryService, Folder parent, Nullable`1 collectionType, IItemResolver[] resolvers, LibraryOptions libraryOptions)+MoveNext()
[2026-04-10 22:21:15.900 -07:00] [INF] [47] Emby.Server.Implementations.Session.SessionWebSocketListener: Sending ForceKeepAlive message to 1 inactive WebSockets.
[2026-04-10 22:25:03.889 -07:00] [INF] [79] Emby.Server.Implementations.Session.SessionWebSocketListener: Sending ForceKeepAlive message to 1 inactive WebSockets.
[2026-04-10 22:28:51.883 -07:00] [INF] [94] Emby.Server.Implementations.Session.SessionWebSocketListener: Sending ForceKeepAlive message to 1 inactive WebSockets.
[2026-04-10 22:29:43.136 -07:00] [INF] [94] Emby.Server.Implementations.ScheduledTasks.TaskManager: "Download missing subtitles" Completed after 0 minute(s) and 0 seconds
[2026-04-10 22:29:43.202 -07:00] [INF] [61] Emby.Server.Implementations.ScheduledTasks.Tasks.OptimizeDatabaseTask: Optimizing and vacuuming jellyfin.db...
[2026-04-10 22:29:43.215 -07:00] [INF] [62] Emby.Server.Implementations.ScheduledTasks.TaskManager: "Clean Log Directory" Completed after 0 minute(s) and 0 seconds
[2026-04-10 22:29:43.317 -07:00] [INF] [94] Emby.Server.Implementations.ScheduledTasks.TaskManager: "Clean Cache Directory" Completed after 0 minute(s) and 0 seconds
[2026-04-10 22:29:43.468 -07:00] [INF] [64] Emby.Server.Implementations.ScheduledTasks.TaskManager: "TasksRefreshChannels" Completed after 0 minute(s) and 0 seconds
[2026-04-10 22:29:43.485 -07:00] [INF] [63] Emby.Server.Implementations.Library.LibraryManager: People validation complete
[2026-04-10 22:29:43.558 -07:00] [WRN] [63] Microsoft.EntityFrameworkCore.Query: The query uses a row limiting operator ('Skip'/'Take') without an 'OrderBy' operator. This may lead to unpredictable results. If the 'Distinct' operator is used after 'OrderBy', then make sure to use the 'OrderBy' operator after 'Distinct' as the ordering would otherwise get erased.
[2026-04-10 22:29:43.576 -07:00] [INF] [63] Emby.Server.Implementations.ScheduledTasks.TaskManager: "Refresh People" Completed after 0 minute(s) and 0 seconds
[2026-04-10 22:29:43.693 -07:00] [INF] [57] Emby.Server.Implementations.ScheduledTasks.TaskManager: "Download missing lyrics" Completed after 0 minute(s) and 0 seconds
[2026-04-10 22:29:43.695 -07:00] [INF] [59] Emby.Server.Implementations.ScheduledTasks.TaskManager: "Media Segment Scan" Completed after 0 minute(s) and 0 seconds
[2026-04-10 22:29:44.124 -07:00] [INF] [58] Emby.Server.Implementations.ScheduledTasks.TaskManager: "Audio Normalization" Completed after 0 minute(s) and 0 seconds
[2026-04-10 22:29:45.633 -07:00] [INF] [61] Jellyfin.Database.Providers.Sqlite.SqliteDatabaseProvider: jellyfin.db optimized successfully!
[2026-04-10 22:29:45.633 -07:00] [INF] [61] Emby.Server.Implementations.ScheduledTasks.TaskManager: "Optimize database" Completed after 0 minute(s) and 2 seconds
[2026-04-10 22:29:46.336 -07:00] [INF] [59] Jellyfin.LiveTv.Guide.GuideManager: Refreshing guide with 7 days of guide data
[2026-04-10 22:29:46.347 -07:00] [INF] [59] Emby.Server.Implementations.ScheduledTasks.TaskManager: "Refresh Guide" Completed after 0 minute(s) and 3 seconds
[2026-04-10 22:33:15.870 -07:00] [INF] [35] Emby.Server.Implementations.Session.SessionWebSocketListener: Sending ForceKeepAlive message to 1 inactive WebSockets.
[2026-04-10 22:39:15.856 -07:00] [INF] [39] Emby.Server.Implementations.Session.SessionWebSocketListener: Sending ForceKeepAlive message to 1 inactive WebSockets.
[2026-04-10 22:43:03.843 -07:00] [INF] [43] Emby.Server.Implementations.Session.SessionWebSocketListener: Sending ForceKeepAlive message to 1 inactive WebSockets.
[2026-04-10 22:46:51.832 -07:00] [INF] [73] Emby.Server.Implementations.Session.SessionWebSocketListener: Sending ForceKeepAlive message to 1 inactive WebSockets.
[2026-04-10 22:51:15.823 -07:00] [INF] [52] Emby.Server.Implementations.Session.SessionWebSocketListener: Sending ForceKeepAlive message to 1 inactive WebSockets.
[2026-04-10 22:55:03.812 -07:00] [INF] [7] Emby.Server.Implementations.Session.SessionWebSocketListener: Sending ForceKeepAlive message to 1 inactive WebSockets.
[2026-04-10 22:58:51.803 -07:00] [INF] [25] Emby.Server.Implementations.Session.SessionWebSocketListener: Sending ForceKeepAlive message to 1 inactive WebSockets.
[2026-04-10 22:59:44.676 -07:00] [INF] [85] Emby.Server.Implementations.Session.SessionManager: Sending shutdown notifications
[2026-04-10 22:59:44.682 -07:00] [INF] [86] Emby.Server.Implementations.HttpServer.WebSocketManager: WS "::ffff:172.19.0.1" closed
[2026-04-10 22:59:44.688 -07:00] [INF] [92] Main: Running query planner optimizations in the database... This might take a while
[2026-04-10 22:59:44.730 -07:00] [INF] [91] Emby.Server.Implementations.ScheduledTasks.TaskManager: "Scan Media Library": Cancelling
[2026-04-10 22:59:44.730 -07:00] [INF] [91] Emby.Server.Implementations.ScheduledTasks.TaskManager: "Scan Media Library": Waiting on Task
[2026-04-10 22:59:46.730 -07:00] [INF] [91] Emby.Server.Implementations.ScheduledTasks.TaskManager: "Scan Media Library": Timed out waiting for task to stop
[2026-04-10 22:59:46.730 -07:00] [INF] [91] Emby.Server.Implementations.ScheduledTasks.TaskManager: "Scan Media Library" Aborted after 40 minute(s) and 59 seconds
[2026-04-10 22:59:46.742 -07:00] [INF] [92] Emby.Server.Implementations.ApplicationHost: Disposing "CoreAppHost"
[2026-04-10 22:59:46.742 -07:00] [INF] [92] Emby.Server.Implementations.ApplicationHost: Disposing "MusicBrainzArtistProvider"
[2026-04-10 22:59:46.742 -07:00] [INF] [92] Emby.Server.Implementations.ApplicationHost: Disposing "MusicBrainzAlbumProvider"
[2026-04-10 22:59:46.742 -07:00] [INF] [92] Emby.Server.Implementations.ApplicationHost: Disposing "PluginManager"
